#
# There is insufficient memory for the Java Runtime Environment to continue.
# Native memory allocation (malloc) failed to allocate 32744 bytes for ChunkPool::allocate
# Possible reasons:
#   The system is out of physical RAM or swap space
#   The process is running with CompressedOops enabled, and the Java Heap may be blocking the growth of the native heap
# Possible solutions:
#   Reduce memory load on the system
#   Increase physical memory or swap space
#   Check if swap backing store is full
#   Decrease Java heap size (-Xmx/-Xms)
#   Decrease number of Java threads
#   Decrease Java thread stack sizes (-Xss)
#   Set larger code cache with -XX:ReservedCodeCacheSize=
#   JVM is running with Unscaled Compressed Oops mode in which the Java heap is
#     placed in the first 4GB address space. The Java Heap base address is the
#     maximum limit for the native heap growth. Please use -XX:HeapBaseMinAddress
#     to set the Java Heap base and to place the Java Heap above 4GB virtual address.
# This output file may be truncated or incomplete.
#
#  Out of Memory Error (./open/src/hotspot/share/memory/arena.cpp:81), pid=16528, tid=14728
#
# JRE version: Java(TM) SE Runtime Environment 18.9 (11.0.12+8) (build 11.0.12+8-LTS-237)
# Java VM: Java HotSpot(TM) 64-Bit Server VM 18.9 (11.0.12+8-LTS-237, mixed mode, tiered, compressed oops, g1 gc, windows-amd64)
# No core dump will be written. Minidumps are not enabled by default on client versions of Windows
#

---------------  S U M M A R Y ------------

Command Line: -Dorg.jetbrains.run.directory=C:\Users\lenovo\IdeaProjects\fleetApp\src\test\resources\features -javaagent:C:\Program Files\JetBrains\IntelliJ IDEA 2021.3.2\lib\idea_rt.jar=64734:C:\Program Files\JetBrains\IntelliJ IDEA 2021.3.2\bin -Dfile.encoding=UTF-8 io.cucumber.core.cli.Main --plugin org.jetbrains.plugins.cucumber.java.run.CucumberJvm5SMFormatter --name ^Log out by using log out button$ --glue com.fleetApp.step_definitions C:/Users/lenovo/IdeaProjects/fleetApp/src/test/resources/features/logout.feature

Host: Intel(R) Core(TM) i5-3380M CPU @ 2.90GHz, 4 cores, 7G,  Windows 10 , 64 bit Build 19041 (10.0.19041.1741)
Time: Tue Jul  5 21:04:33 2022 Turkey Standard Time elapsed time: 0.849607 seconds (0d 0h 0m 0s)

---------------  T H R E A D  ---------------

Current thread (0x000001c37e8af000):  JavaThread "C1 CompilerThread0" daemon [_thread_in_native, id=14728, stack(0x0000005aac700000,0x0000005aac800000)]


Current CompileTask:
C1:    849  473       3       jdk.internal.org.objectweb.asm.Frame::execute (2264 bytes)

Stack: [0x0000005aac700000,0x0000005aac800000]
Native frames: (J=compiled Java code, j=interpreted, Vv=VM code, C=native code)
V  [jvm.dll+0x617d9a]
V  [jvm.dll+0x74eeef]
V  [jvm.dll+0x750599]
V  [jvm.dll+0x750c23]
V  [jvm.dll+0x2438d8]
V  [jvm.dll+0xba93b]
V  [jvm.dll+0xbac9c]
V  [jvm.dll+0x2447fd]
V  [jvm.dll+0x13648e]
V  [jvm.dll+0x13c747]
V  [jvm.dll+0x11e2fb]
V  [jvm.dll+0x13d902]
V  [jvm.dll+0x120383]
V  [jvm.dll+0x11fe4a]
V  [jvm.dll+0x12002f]
V  [jvm.dll+0x11f2d7]
V  [jvm.dll+0x1211e7]
V  [jvm.dll+0x20b87c]
V  [jvm.dll+0x20997b]
V  [jvm.dll+0x716359]
V  [jvm.dll+0x70f064]
V  [jvm.dll+0x616f66]
C  [ucrtbase.dll+0x21bb2]
C  [KERNEL32.DLL+0x17034]
C  [ntdll.dll+0x52651]


---------------  P R O C E S S  ---------------

Threads class SMR info:
_java_thread_list=0x000001c37f45b4b0, length=11, elements={
0x000001c360584800, 0x000001c37e88d000, 0x000001c37e88e000, 0x000001c37e8a6000,
0x000001c37e8a7000, 0x000001c37e8a9000, 0x000001c37e8ac000, 0x000001c37e8af000,
0x000001c37f255000, 0x000001c37f365800, 0x000001c37f5c7800
}

Java Threads: ( => current thread )
  0x000001c360584800 JavaThread "main" [_thread_in_Java, id=16536, stack(0x0000005aaba00000,0x0000005aabb00000)]
  0x000001c37e88d000 JavaThread "Reference Handler" daemon [_thread_blocked, id=14776, stack(0x0000005aac100000,0x0000005aac200000)]
  0x000001c37e88e000 JavaThread "Finalizer" daemon [_thread_blocked, id=220, stack(0x0000005aac200000,0x0000005aac300000)]
  0x000001c37e8a6000 JavaThread "Signal Dispatcher" daemon [_thread_blocked, id=20132, stack(0x0000005aac300000,0x0000005aac400000)]
  0x000001c37e8a7000 JavaThread "Attach Listener" daemon [_thread_blocked, id=16472, stack(0x0000005aac400000,0x0000005aac500000)]
  0x000001c37e8a9000 JavaThread "Service Thread" daemon [_thread_blocked, id=12476, stack(0x0000005aac500000,0x0000005aac600000)]
  0x000001c37e8ac000 JavaThread "C2 CompilerThread0" daemon [_thread_blocked, id=8816, stack(0x0000005aac600000,0x0000005aac700000)]
=>0x000001c37e8af000 JavaThread "C1 CompilerThread0" daemon [_thread_in_native, id=14728, stack(0x0000005aac700000,0x0000005aac800000)]
  0x000001c37f255000 JavaThread "Sweeper thread" daemon [_thread_blocked, id=16080, stack(0x0000005aac800000,0x0000005aac900000)]
  0x000001c37f365800 JavaThread "Common-Cleaner" daemon [_thread_blocked, id=440, stack(0x0000005aac900000,0x0000005aaca00000)]
  0x000001c37f5c7800 JavaThread "Monitor Ctrl-Break" daemon [_thread_in_native, id=19516, stack(0x0000005aaca00000,0x0000005aacb00000)]

Other Threads:
  0x000001c36065e800 VMThread "VM Thread" [stack: 0x0000005aac000000,0x0000005aac100000] [id=14056]
  0x000001c37f651800 WatcherThread [stack: 0x0000005aacb00000,0x0000005aacc00000] [id=19708]
  0x000001c36059a800 GCTaskThread "GC Thread#0" [stack: 0x0000005aabb00000,0x0000005aabc00000] [id=11632]
  0x000001c3605c9800 ConcurrentGCThread "G1 Main Marker" [stack: 0x0000005aabc00000,0x0000005aabd00000] [id=16628]
  0x000001c3605cb000 ConcurrentGCThread "G1 Conc#0" [stack: 0x0000005aabd00000,0x0000005aabe00000] [id=8260]
  0x000001c36064c000 ConcurrentGCThread "G1 Refine#0" [stack: 0x0000005aabe00000,0x0000005aabf00000] [id=16552]
  0x000001c36064d000 ConcurrentGCThread "G1 Young RemSet Sampling" [stack: 0x0000005aabf00000,0x0000005aac000000] [id=15624]

Threads with active compile tasks:
C1 CompilerThread0    893  473       3       jdk.internal.org.objectweb.asm.Frame::execute (2264 bytes)

VM state:not at safepoint (normal execution)

VM Mutex/Monitor currently owned by a thread: None

Heap address: 0x0000000084a00000, size: 1974 MB, Compressed Oops mode: 32-bit
Narrow klass base: 0x0000000000000000, Narrow klass shift: 3
Compressed class space size: 1073741824 Address: 0x0000000100000000

Heap:
 garbage-first heap   total 126976K, used 12288K [0x0000000084a00000, 0x0000000100000000)
  region size 1024K, 14 young (14336K), 0 survivors (0K)
 Metaspace       used 7783K, capacity 7907K, committed 7936K, reserved 1060864K
  class space    used 705K, capacity 764K, committed 768K, reserved 1048576K
Heap Regions: E=young(eden), S=young(survivor), O=old, HS=humongous(starts), HC=humongous(continues), CS=collection set, F=free, A=archive, TAMS=top-at-mark-start (previous, next)
|   0|0x0000000084a00000, 0x0000000084a00000, 0x0000000084b00000|  0%| F|  |TAMS 0x0000000084a00000, 0x0000000084a00000| Untracked 
|   1|0x0000000084b00000, 0x0000000084b00000, 0x0000000084c00000|  0%| F|  |TAMS 0x0000000084b00000, 0x0000000084b00000| Untracked 
|   2|0x0000000084c00000, 0x0000000084c00000, 0x0000000084d00000|  0%| F|  |TAMS 0x0000000084c00000, 0x0000000084c00000| Untracked 
|   3|0x0000000084d00000, 0x0000000084d00000, 0x0000000084e00000|  0%| F|  |TAMS 0x0000000084d00000, 0x0000000084d00000| Untracked 
|   4|0x0000000084e00000, 0x0000000084e00000, 0x0000000084f00000|  0%| F|  |TAMS 0x0000000084e00000, 0x0000000084e00000| Untracked 
|   5|0x0000000084f00000, 0x0000000084f00000, 0x0000000085000000|  0%| F|  |TAMS 0x0000000084f00000, 0x0000000084f00000| Untracked 
|   6|0x0000000085000000, 0x0000000085000000, 0x0000000085100000|  0%| F|  |TAMS 0x0000000085000000, 0x0000000085000000| Untracked 
|   7|0x0000000085100000, 0x0000000085100000, 0x0000000085200000|  0%| F|  |TAMS 0x0000000085100000, 0x0000000085100000| Untracked 
|   8|0x0000000085200000, 0x0000000085200000, 0x0000000085300000|  0%| F|  |TAMS 0x0000000085200000, 0x0000000085200000| Untracked 
|   9|0x0000000085300000, 0x0000000085300000, 0x0000000085400000|  0%| F|  |TAMS 0x0000000085300000, 0x0000000085300000| Untracked 
|  10|0x0000000085400000, 0x0000000085400000, 0x0000000085500000|  0%| F|  |TAMS 0x0000000085400000, 0x0000000085400000| Untracked 
|  11|0x0000000085500000, 0x0000000085500000, 0x0000000085600000|  0%| F|  |TAMS 0x0000000085500000, 0x0000000085500000| Untracked 
|  12|0x0000000085600000, 0x0000000085600000, 0x0000000085700000|  0%| F|  |TAMS 0x0000000085600000, 0x0000000085600000| Untracked 
|  13|0x0000000085700000, 0x0000000085700000, 0x0000000085800000|  0%| F|  |TAMS 0x0000000085700000, 0x0000000085700000| Untracked 
|  14|0x0000000085800000, 0x0000000085800000, 0x0000000085900000|  0%| F|  |TAMS 0x0000000085800000, 0x0000000085800000| Untracked 
|  15|0x0000000085900000, 0x0000000085900000, 0x0000000085a00000|  0%| F|  |TAMS 0x0000000085900000, 0x0000000085900000| Untracked 
|  16|0x0000000085a00000, 0x0000000085a00000, 0x0000000085b00000|  0%| F|  |TAMS 0x0000000085a00000, 0x0000000085a00000| Untracked 
|  17|0x0000000085b00000, 0x0000000085b00000, 0x0000000085c00000|  0%| F|  |TAMS 0x0000000085b00000, 0x0000000085b00000| Untracked 
|  18|0x0000000085c00000, 0x0000000085c00000, 0x0000000085d00000|  0%| F|  |TAMS 0x0000000085c00000, 0x0000000085c00000| Untracked 
|  19|0x0000000085d00000, 0x0000000085d00000, 0x0000000085e00000|  0%| F|  |TAMS 0x0000000085d00000, 0x0000000085d00000| Untracked 
|  20|0x0000000085e00000, 0x0000000085e00000, 0x0000000085f00000|  0%| F|  |TAMS 0x0000000085e00000, 0x0000000085e00000| Untracked 
|  21|0x0000000085f00000, 0x0000000085f00000, 0x0000000086000000|  0%| F|  |TAMS 0x0000000085f00000, 0x0000000085f00000| Untracked 
|  22|0x0000000086000000, 0x0000000086000000, 0x0000000086100000|  0%| F|  |TAMS 0x0000000086000000, 0x0000000086000000| Untracked 
|  23|0x0000000086100000, 0x0000000086100000, 0x0000000086200000|  0%| F|  |TAMS 0x0000000086100000, 0x0000000086100000| Untracked 
|  24|0x0000000086200000, 0x0000000086200000, 0x0000000086300000|  0%| F|  |TAMS 0x0000000086200000, 0x0000000086200000| Untracked 
|  25|0x0000000086300000, 0x0000000086300000, 0x0000000086400000|  0%| F|  |TAMS 0x0000000086300000, 0x0000000086300000| Untracked 
|  26|0x0000000086400000, 0x0000000086400000, 0x0000000086500000|  0%| F|  |TAMS 0x0000000086400000, 0x0000000086400000| Untracked 
|  27|0x0000000086500000, 0x0000000086500000, 0x0000000086600000|  0%| F|  |TAMS 0x0000000086500000, 0x0000000086500000| Untracked 
|  28|0x0000000086600000, 0x0000000086600000, 0x0000000086700000|  0%| F|  |TAMS 0x0000000086600000, 0x0000000086600000| Untracked 
|  29|0x0000000086700000, 0x0000000086700000, 0x0000000086800000|  0%| F|  |TAMS 0x0000000086700000, 0x0000000086700000| Untracked 
|  30|0x0000000086800000, 0x0000000086800000, 0x0000000086900000|  0%| F|  |TAMS 0x0000000086800000, 0x0000000086800000| Untracked 
|  31|0x0000000086900000, 0x0000000086900000, 0x0000000086a00000|  0%| F|  |TAMS 0x0000000086900000, 0x0000000086900000| Untracked 
|  32|0x0000000086a00000, 0x0000000086a00000, 0x0000000086b00000|  0%| F|  |TAMS 0x0000000086a00000, 0x0000000086a00000| Untracked 
|  33|0x0000000086b00000, 0x0000000086b00000, 0x0000000086c00000|  0%| F|  |TAMS 0x0000000086b00000, 0x0000000086b00000| Untracked 
|  34|0x0000000086c00000, 0x0000000086c00000, 0x0000000086d00000|  0%| F|  |TAMS 0x0000000086c00000, 0x0000000086c00000| Untracked 
|  35|0x0000000086d00000, 0x0000000086d00000, 0x0000000086e00000|  0%| F|  |TAMS 0x0000000086d00000, 0x0000000086d00000| Untracked 
|  36|0x0000000086e00000, 0x0000000086e00000, 0x0000000086f00000|  0%| F|  |TAMS 0x0000000086e00000, 0x0000000086e00000| Untracked 
|  37|0x0000000086f00000, 0x0000000086f00000, 0x0000000087000000|  0%| F|  |TAMS 0x0000000086f00000, 0x0000000086f00000| Untracked 
|  38|0x0000000087000000, 0x0000000087000000, 0x0000000087100000|  0%| F|  |TAMS 0x0000000087000000, 0x0000000087000000| Untracked 
|  39|0x0000000087100000, 0x0000000087100000, 0x0000000087200000|  0%| F|  |TAMS 0x0000000087100000, 0x0000000087100000| Untracked 
|  40|0x0000000087200000, 0x0000000087200000, 0x0000000087300000|  0%| F|  |TAMS 0x0000000087200000, 0x0000000087200000| Untracked 
|  41|0x0000000087300000, 0x0000000087300000, 0x0000000087400000|  0%| F|  |TAMS 0x0000000087300000, 0x0000000087300000| Untracked 
|  42|0x0000000087400000, 0x0000000087400000, 0x0000000087500000|  0%| F|  |TAMS 0x0000000087400000, 0x0000000087400000| Untracked 
|  43|0x0000000087500000, 0x0000000087500000, 0x0000000087600000|  0%| F|  |TAMS 0x0000000087500000, 0x0000000087500000| Untracked 
|  44|0x0000000087600000, 0x0000000087600000, 0x0000000087700000|  0%| F|  |TAMS 0x0000000087600000, 0x0000000087600000| Untracked 
|  45|0x0000000087700000, 0x0000000087700000, 0x0000000087800000|  0%| F|  |TAMS 0x0000000087700000, 0x0000000087700000| Untracked 
|  46|0x0000000087800000, 0x0000000087800000, 0x0000000087900000|  0%| F|  |TAMS 0x0000000087800000, 0x0000000087800000| Untracked 
|  47|0x0000000087900000, 0x0000000087900000, 0x0000000087a00000|  0%| F|  |TAMS 0x0000000087900000, 0x0000000087900000| Untracked 
|  48|0x0000000087a00000, 0x0000000087a00000, 0x0000000087b00000|  0%| F|  |TAMS 0x0000000087a00000, 0x0000000087a00000| Untracked 
|  49|0x0000000087b00000, 0x0000000087b00000, 0x0000000087c00000|  0%| F|  |TAMS 0x0000000087b00000, 0x0000000087b00000| Untracked 
|  50|0x0000000087c00000, 0x0000000087c00000, 0x0000000087d00000|  0%| F|  |TAMS 0x0000000087c00000, 0x0000000087c00000| Untracked 
|  51|0x0000000087d00000, 0x0000000087d00000, 0x0000000087e00000|  0%| F|  |TAMS 0x0000000087d00000, 0x0000000087d00000| Untracked 
|  52|0x0000000087e00000, 0x0000000087e00000, 0x0000000087f00000|  0%| F|  |TAMS 0x0000000087e00000, 0x0000000087e00000| Untracked 
|  53|0x0000000087f00000, 0x0000000087f00000, 0x0000000088000000|  0%| F|  |TAMS 0x0000000087f00000, 0x0000000087f00000| Untracked 
|  54|0x0000000088000000, 0x0000000088000000, 0x0000000088100000|  0%| F|  |TAMS 0x0000000088000000, 0x0000000088000000| Untracked 
|  55|0x0000000088100000, 0x0000000088100000, 0x0000000088200000|  0%| F|  |TAMS 0x0000000088100000, 0x0000000088100000| Untracked 
|  56|0x0000000088200000, 0x0000000088200000, 0x0000000088300000|  0%| F|  |TAMS 0x0000000088200000, 0x0000000088200000| Untracked 
|  57|0x0000000088300000, 0x0000000088300000, 0x0000000088400000|  0%| F|  |TAMS 0x0000000088300000, 0x0000000088300000| Untracked 
|  58|0x0000000088400000, 0x0000000088400000, 0x0000000088500000|  0%| F|  |TAMS 0x0000000088400000, 0x0000000088400000| Untracked 
|  59|0x0000000088500000, 0x0000000088500000, 0x0000000088600000|  0%| F|  |TAMS 0x0000000088500000, 0x0000000088500000| Untracked 
|  60|0x0000000088600000, 0x0000000088600000, 0x0000000088700000|  0%| F|  |TAMS 0x0000000088600000, 0x0000000088600000| Untracked 
|  61|0x0000000088700000, 0x0000000088700000, 0x0000000088800000|  0%| F|  |TAMS 0x0000000088700000, 0x0000000088700000| Untracked 
|  62|0x0000000088800000, 0x0000000088800000, 0x0000000088900000|  0%| F|  |TAMS 0x0000000088800000, 0x0000000088800000| Untracked 
|  63|0x0000000088900000, 0x0000000088900000, 0x0000000088a00000|  0%| F|  |TAMS 0x0000000088900000, 0x0000000088900000| Untracked 
|  64|0x0000000088a00000, 0x0000000088a00000, 0x0000000088b00000|  0%| F|  |TAMS 0x0000000088a00000, 0x0000000088a00000| Untracked 
|  65|0x0000000088b00000, 0x0000000088b00000, 0x0000000088c00000|  0%| F|  |TAMS 0x0000000088b00000, 0x0000000088b00000| Untracked 
|  66|0x0000000088c00000, 0x0000000088c00000, 0x0000000088d00000|  0%| F|  |TAMS 0x0000000088c00000, 0x0000000088c00000| Untracked 
|  67|0x0000000088d00000, 0x0000000088d00000, 0x0000000088e00000|  0%| F|  |TAMS 0x0000000088d00000, 0x0000000088d00000| Untracked 
|  68|0x0000000088e00000, 0x0000000088e00000, 0x0000000088f00000|  0%| F|  |TAMS 0x0000000088e00000, 0x0000000088e00000| Untracked 
|  69|0x0000000088f00000, 0x0000000088f00000, 0x0000000089000000|  0%| F|  |TAMS 0x0000000088f00000, 0x0000000088f00000| Untracked 
|  70|0x0000000089000000, 0x0000000089000000, 0x0000000089100000|  0%| F|  |TAMS 0x0000000089000000, 0x0000000089000000| Untracked 
|  71|0x0000000089100000, 0x0000000089100000, 0x0000000089200000|  0%| F|  |TAMS 0x0000000089100000, 0x0000000089100000| Untracked 
|  72|0x0000000089200000, 0x0000000089200000, 0x0000000089300000|  0%| F|  |TAMS 0x0000000089200000, 0x0000000089200000| Untracked 
|  73|0x0000000089300000, 0x0000000089300000, 0x0000000089400000|  0%| F|  |TAMS 0x0000000089300000, 0x0000000089300000| Untracked 
|  74|0x0000000089400000, 0x0000000089400000, 0x0000000089500000|  0%| F|  |TAMS 0x0000000089400000, 0x0000000089400000| Untracked 
|  75|0x0000000089500000, 0x0000000089500000, 0x0000000089600000|  0%| F|  |TAMS 0x0000000089500000, 0x0000000089500000| Untracked 
|  76|0x0000000089600000, 0x0000000089600000, 0x0000000089700000|  0%| F|  |TAMS 0x0000000089600000, 0x0000000089600000| Untracked 
|  77|0x0000000089700000, 0x0000000089700000, 0x0000000089800000|  0%| F|  |TAMS 0x0000000089700000, 0x0000000089700000| Untracked 
|  78|0x0000000089800000, 0x0000000089800000, 0x0000000089900000|  0%| F|  |TAMS 0x0000000089800000, 0x0000000089800000| Untracked 
|  79|0x0000000089900000, 0x0000000089900000, 0x0000000089a00000|  0%| F|  |TAMS 0x0000000089900000, 0x0000000089900000| Untracked 
|  80|0x0000000089a00000, 0x0000000089a00000, 0x0000000089b00000|  0%| F|  |TAMS 0x0000000089a00000, 0x0000000089a00000| Untracked 
|  81|0x0000000089b00000, 0x0000000089b00000, 0x0000000089c00000|  0%| F|  |TAMS 0x0000000089b00000, 0x0000000089b00000| Untracked 
|  82|0x0000000089c00000, 0x0000000089c00000, 0x0000000089d00000|  0%| F|  |TAMS 0x0000000089c00000, 0x0000000089c00000| Untracked 
|  83|0x0000000089d00000, 0x0000000089d00000, 0x0000000089e00000|  0%| F|  |TAMS 0x0000000089d00000, 0x0000000089d00000| Untracked 
|  84|0x0000000089e00000, 0x0000000089e00000, 0x0000000089f00000|  0%| F|  |TAMS 0x0000000089e00000, 0x0000000089e00000| Untracked 
|  85|0x0000000089f00000, 0x0000000089f00000, 0x000000008a000000|  0%| F|  |TAMS 0x0000000089f00000, 0x0000000089f00000| Untracked 
|  86|0x000000008a000000, 0x000000008a000000, 0x000000008a100000|  0%| F|  |TAMS 0x000000008a000000, 0x000000008a000000| Untracked 
|  87|0x000000008a100000, 0x000000008a100000, 0x000000008a200000|  0%| F|  |TAMS 0x000000008a100000, 0x000000008a100000| Untracked 
|  88|0x000000008a200000, 0x000000008a200000, 0x000000008a300000|  0%| F|  |TAMS 0x000000008a200000, 0x000000008a200000| Untracked 
|  89|0x000000008a300000, 0x000000008a300000, 0x000000008a400000|  0%| F|  |TAMS 0x000000008a300000, 0x000000008a300000| Untracked 
|  90|0x000000008a400000, 0x000000008a400000, 0x000000008a500000|  0%| F|  |TAMS 0x000000008a400000, 0x000000008a400000| Untracked 
|  91|0x000000008a500000, 0x000000008a500000, 0x000000008a600000|  0%| F|  |TAMS 0x000000008a500000, 0x000000008a500000| Untracked 
|  92|0x000000008a600000, 0x000000008a600000, 0x000000008a700000|  0%| F|  |TAMS 0x000000008a600000, 0x000000008a600000| Untracked 
|  93|0x000000008a700000, 0x000000008a700000, 0x000000008a800000|  0%| F|  |TAMS 0x000000008a700000, 0x000000008a700000| Untracked 
|  94|0x000000008a800000, 0x000000008a800000, 0x000000008a900000|  0%| F|  |TAMS 0x000000008a800000, 0x000000008a800000| Untracked 
|  95|0x000000008a900000, 0x000000008a900000, 0x000000008aa00000|  0%| F|  |TAMS 0x000000008a900000, 0x000000008a900000| Untracked 
|  96|0x000000008aa00000, 0x000000008aa00000, 0x000000008ab00000|  0%| F|  |TAMS 0x000000008aa00000, 0x000000008aa00000| Untracked 
|  97|0x000000008ab00000, 0x000000008ab00000, 0x000000008ac00000|  0%| F|  |TAMS 0x000000008ab00000, 0x000000008ab00000| Untracked 
|  98|0x000000008ac00000, 0x000000008ac00000, 0x000000008ad00000|  0%| F|  |TAMS 0x000000008ac00000, 0x000000008ac00000| Untracked 
|  99|0x000000008ad00000, 0x000000008ad00000, 0x000000008ae00000|  0%| F|  |TAMS 0x000000008ad00000, 0x000000008ad00000| Untracked 
| 100|0x000000008ae00000, 0x000000008ae00000, 0x000000008af00000|  0%| F|  |TAMS 0x000000008ae00000, 0x000000008ae00000| Untracked 
| 101|0x000000008af00000, 0x000000008af00000, 0x000000008b000000|  0%| F|  |TAMS 0x000000008af00000, 0x000000008af00000| Untracked 
| 102|0x000000008b000000, 0x000000008b000000, 0x000000008b100000|  0%| F|  |TAMS 0x000000008b000000, 0x000000008b000000| Untracked 
| 103|0x000000008b100000, 0x000000008b100000, 0x000000008b200000|  0%| F|  |TAMS 0x000000008b100000, 0x000000008b100000| Untracked 
| 104|0x000000008b200000, 0x000000008b200000, 0x000000008b300000|  0%| F|  |TAMS 0x000000008b200000, 0x000000008b200000| Untracked 
| 105|0x000000008b300000, 0x000000008b300000, 0x000000008b400000|  0%| F|  |TAMS 0x000000008b300000, 0x000000008b300000| Untracked 
| 106|0x000000008b400000, 0x000000008b400000, 0x000000008b500000|  0%| F|  |TAMS 0x000000008b400000, 0x000000008b400000| Untracked 
| 107|0x000000008b500000, 0x000000008b500000, 0x000000008b600000|  0%| F|  |TAMS 0x000000008b500000, 0x000000008b500000| Untracked 
| 108|0x000000008b600000, 0x000000008b600000, 0x000000008b700000|  0%| F|  |TAMS 0x000000008b600000, 0x000000008b600000| Untracked 
| 109|0x000000008b700000, 0x000000008b759010, 0x000000008b800000| 34%| S|  |TAMS 0x000000008b700000, 0x000000008b700000| Complete 
| 110|0x000000008b800000, 0x000000008b900000, 0x000000008b900000|100%| E|CS|TAMS 0x000000008b800000, 0x000000008b800000| Complete 
| 111|0x000000008b900000, 0x000000008ba00000, 0x000000008ba00000|100%| E|CS|TAMS 0x000000008b900000, 0x000000008b900000| Complete 
| 112|0x000000008ba00000, 0x000000008bb00000, 0x000000008bb00000|100%| E|CS|TAMS 0x000000008ba00000, 0x000000008ba00000| Complete 
| 113|0x000000008bb00000, 0x000000008bc00000, 0x000000008bc00000|100%| E|CS|TAMS 0x000000008bb00000, 0x000000008bb00000| Complete 
| 114|0x000000008bc00000, 0x000000008bd00000, 0x000000008bd00000|100%| E|CS|TAMS 0x000000008bc00000, 0x000000008bc00000| Complete 
| 115|0x000000008bd00000, 0x000000008be00000, 0x000000008be00000|100%| E|CS|TAMS 0x000000008bd00000, 0x000000008bd00000| Complete 
| 116|0x000000008be00000, 0x000000008bf00000, 0x000000008bf00000|100%| E|CS|TAMS 0x000000008be00000, 0x000000008be00000| Complete 
| 117|0x000000008bf00000, 0x000000008c000000, 0x000000008c000000|100%| E|CS|TAMS 0x000000008bf00000, 0x000000008bf00000| Complete 
| 118|0x000000008c000000, 0x000000008c100000, 0x000000008c100000|100%| E|CS|TAMS 0x000000008c000000, 0x000000008c000000| Complete 
| 119|0x000000008c100000, 0x000000008c200000, 0x000000008c200000|100%| E|CS|TAMS 0x000000008c100000, 0x000000008c100000| Complete 
| 120|0x000000008c200000, 0x000000008c300000, 0x000000008c300000|100%| E|CS|TAMS 0x000000008c200000, 0x000000008c200000| Complete 
| 121|0x000000008c300000, 0x000000008c400000, 0x000000008c400000|100%| E|CS|TAMS 0x000000008c300000, 0x000000008c300000| Complete 
| 122|0x000000008c400000, 0x000000008c500000, 0x000000008c500000|100%| E|CS|TAMS 0x000000008c400000, 0x000000008c400000| Complete 
| 123|0x000000008c500000, 0x000000008c600000, 0x000000008c600000|100%| E|CS|TAMS 0x000000008c500000, 0x000000008c500000| Complete 

Card table byte_map: [0x000001c377e20000,0x000001c378200000] _byte_map_base: 0x000001c3779fb000

Marking Bits (Prev, Next): (CMBitMap*) 0x000001c3605c0ee8, (CMBitMap*) 0x000001c3605c0f20
 Prev Bits: [0x000001c3785e0000, 0x000001c37a4b8000)
 Next Bits: [0x000001c37a4c0000, 0x000001c37c398000)

Polling page: 0x000001c35e520000

Metaspace:

Usage:
  Non-class:      6.98 MB capacity,     6.92 MB (>99%) used,    58.06 KB ( <1%) free+waste,     8.25 KB ( <1%) overhead. 
      Class:    767.00 KB capacity,   707.68 KB ( 92%) used,    55.20 KB (  7%) free+waste,     4.13 KB ( <1%) overhead. 
       Both:      7.73 MB capacity,     7.61 MB ( 98%) used,   113.26 KB (  1%) free+waste,    12.38 KB ( <1%) overhead. 

Virtual space:
  Non-class space:       12.00 MB reserved,       7.00 MB ( 58%) committed 
      Class space:        1.00 GB reserved,     768.00 KB ( <1%) committed 
             Both:        1.01 GB reserved,       7.75 MB ( <1%) committed 

Chunk freelists:
   Non-Class:  2.38 KB
       Class:  128 bytes
        Both:  2.50 KB

CodeHeap 'non-profiled nmethods': size=120064Kb used=158Kb max_used=158Kb free=119905Kb
 bounds [0x000001c370500000, 0x000001c370770000, 0x000001c377a40000]
CodeHeap 'profiled nmethods': size=120000Kb used=657Kb max_used=657Kb free=119342Kb
 bounds [0x000001c368fd0000, 0x000001c369240000, 0x000001c370500000]
CodeHeap 'non-nmethods': size=5696Kb used=1058Kb max_used=1070Kb free=4637Kb
 bounds [0x000001c368a40000, 0x000001c368cb0000, 0x000001c368fd0000]
 total_blobs=841 nmethods=489 adapters=264
 compilation: enabled
              stopped_count=0, restarted_count=0
 full_count=0

Compilation events (10 events):
Event: 0.835 Thread 0x000001c37e8af000 nmethod 468 0x000001c369072510 code [0x000001c3690726a0, 0x000001c3690727b8]
Event: 0.835 Thread 0x000001c37e8af000  469       3       java.lang.invoke.LambdaForm$NamedFunction::methodType (23 bytes)
Event: 0.835 Thread 0x000001c37e8af000 nmethod 469 0x000001c369072890 code [0x000001c369072a40, 0x000001c369072c68]
Event: 0.835 Thread 0x000001c37e8af000  471       3       java.lang.invoke.LambdaForm$Name::useCount (42 bytes)
Event: 0.836 Thread 0x000001c37e8af000 nmethod 471 0x000001c369072d90 code [0x000001c369072f40, 0x000001c369073238]
Event: 0.836 Thread 0x000001c37e8af000  472       3       jdk.internal.org.objectweb.asm.MethodWriter::visitVarInsn (300 bytes)
Event: 0.837 Thread 0x000001c37e8af000 nmethod 472 0x000001c369073390 code [0x000001c369073600, 0x000001c369073fe8]
Event: 0.837 Thread 0x000001c37e8af000  475       3       java.lang.invoke.LambdaForm::parameter (52 bytes)
Event: 0.837 Thread 0x000001c37e8af000 nmethod 475 0x000001c369074310 code [0x000001c3690744c0, 0x000001c369074618]
Event: 0.837 Thread 0x000001c37e8af000  473       3       jdk.internal.org.objectweb.asm.Frame::execute (2264 bytes)

GC Heap History (0 events):
No events

Deoptimization events (10 events):
Event: 0.641 Thread 0x000001c360584800 Uncommon trap: reason=unstable_if action=reinterpret pc=0x000001c370511b00 method=java.util.zip.ZipFile$Source.checkUTF8([BII)V @ 12 c2
Event: 0.686 Thread 0x000001c360584800 Uncommon trap: reason=bimorphic_or_optimized_type_check action=maybe_recompile pc=0x000001c370517178 method=java.util.HashMap.putVal(ILjava/lang/Object;Ljava/lang/Object;ZZ)Ljava/lang/Object; @ 152 c2
Event: 0.687 Thread 0x000001c360584800 Uncommon trap: reason=bimorphic_or_optimized_type_check action=maybe_recompile pc=0x000001c370517178 method=java.util.HashMap.putVal(ILjava/lang/Object;Ljava/lang/Object;ZZ)Ljava/lang/Object; @ 152 c2
Event: 0.687 Thread 0x000001c360584800 Uncommon trap: reason=bimorphic_or_optimized_type_check action=maybe_recompile pc=0x000001c370517178 method=java.util.HashMap.putVal(ILjava/lang/Object;Ljava/lang/Object;ZZ)Ljava/lang/Object; @ 152 c2
Event: 0.687 Thread 0x000001c360584800 Uncommon trap: reason=bimorphic_or_optimized_type_check action=maybe_recompile pc=0x000001c370517178 method=java.util.HashMap.putVal(ILjava/lang/Object;Ljava/lang/Object;ZZ)Ljava/lang/Object; @ 152 c2
Event: 0.771 Thread 0x000001c360584800 Uncommon trap: reason=unstable_if action=reinterpret pc=0x000001c37051ec0c method=java.util.jar.Manifest$FastInputStream.readLine([BII)I @ 106 c2
Event: 0.821 Thread 0x000001c360584800 Uncommon trap: reason=bimorphic_or_optimized_type_check action=maybe_recompile pc=0x000001c37050be94 method=java.util.AbstractCollection.isEmpty()Z @ 1 c2
Event: 0.821 Thread 0x000001c360584800 Uncommon trap: reason=bimorphic_or_optimized_type_check action=maybe_recompile pc=0x000001c37050be94 method=java.util.AbstractCollection.isEmpty()Z @ 1 c2
Event: 0.823 Thread 0x000001c360584800 Uncommon trap: reason=bimorphic_or_optimized_type_check action=maybe_recompile pc=0x000001c37050be94 method=java.util.AbstractCollection.isEmpty()Z @ 1 c2
Event: 0.824 Thread 0x000001c360584800 Uncommon trap: reason=bimorphic_or_optimized_type_check action=maybe_recompile pc=0x000001c37050be94 method=java.util.AbstractCollection.isEmpty()Z @ 1 c2

Classes redefined (0 events):
No events

Internal exceptions (0 events):
No events

Events (10 events):
Event: 0.845 loading class java/util/stream/ReferencePipeline$7$1
Event: 0.845 loading class java/util/stream/ReferencePipeline$7$1 done
Event: 0.845 loading class java/util/stream/Streams$StreamBuilderImpl
Event: 0.846 loading class java/util/stream/Stream$Builder
Event: 0.846 loading class java/util/stream/Stream$Builder done
Event: 0.846 loading class java/util/stream/Streams$AbstractStreamBuilderImpl
Event: 0.846 loading class java/util/stream/Streams$AbstractStreamBuilderImpl done
Event: 0.846 loading class java/util/stream/Streams$StreamBuilderImpl done
Event: 0.846 loading class java/util/stream/Streams
Event: 0.846 loading class java/util/stream/Streams done


Dynamic libraries:
0x00007ff6c3750000 - 0x00007ff6c375f000 	C:\Program Files\Java\jdk-11.0.12\bin\java.exe
0x00007ffa821b0000 - 0x00007ffa823a7000 	C:\WINDOWS\SYSTEM32\ntdll.dll
0x00007ffa80470000 - 0x00007ffa8052d000 	C:\WINDOWS\System32\KERNEL32.DLL
0x00007ffa7fc10000 - 0x00007ffa7fedd000 	C:\WINDOWS\System32\KERNELBASE.dll
0x00007ffa7f9e0000 - 0x00007ffa7fae0000 	C:\WINDOWS\System32\ucrtbase.dll
0x00007ffa7b760000 - 0x00007ffa7b775000 	C:\Program Files\Java\jdk-11.0.12\bin\VCRUNTIME140.dll
0x00007ffa790a0000 - 0x00007ffa790b8000 	C:\Program Files\Java\jdk-11.0.12\bin\jli.dll
0x00007ffa81f90000 - 0x00007ffa8203e000 	C:\WINDOWS\System32\ADVAPI32.dll
0x00007ffa80bf0000 - 0x00007ffa80c8e000 	C:\WINDOWS\System32\msvcrt.dll
0x00007ffa80a50000 - 0x00007ffa80aec000 	C:\WINDOWS\System32\sechost.dll
0x00007ffa814b0000 - 0x00007ffa815d5000 	C:\WINDOWS\System32\RPCRT4.dll
0x00007ffa81c30000 - 0x00007ffa81dd0000 	C:\WINDOWS\System32\USER32.dll
0x00007ffa801e0000 - 0x00007ffa80202000 	C:\WINDOWS\System32\win32u.dll
0x00007ffa80bc0000 - 0x00007ffa80bea000 	C:\WINDOWS\System32\GDI32.dll
0x00007ffa7f8d0000 - 0x00007ffa7f9db000 	C:\WINDOWS\System32\gdi32full.dll
0x00007ffa7ffe0000 - 0x00007ffa8007d000 	C:\WINDOWS\System32\msvcp_win.dll
0x00007ffa72aa0000 - 0x00007ffa72d3a000 	C:\WINDOWS\WinSxS\amd64_microsoft.windows.common-controls_6595b64144ccf1df_6.0.19041.1110_none_60b5254171f9507e\COMCTL32.dll
0x00007ffa72950000 - 0x00007ffa7295a000 	C:\WINDOWS\SYSTEM32\VERSION.dll
0x00007ffa81470000 - 0x00007ffa814a0000 	C:\WINDOWS\System32\IMM32.DLL
0x00007ffa78b10000 - 0x00007ffa78bab000 	C:\Program Files\Java\jdk-11.0.12\bin\msvcp140.dll
0x00007ffa47480000 - 0x00007ffa47f7f000 	C:\Program Files\Java\jdk-11.0.12\bin\server\jvm.dll
0x00007ffa81690000 - 0x00007ffa81698000 	C:\WINDOWS\System32\PSAPI.DLL
0x00007ffa73230000 - 0x00007ffa73257000 	C:\WINDOWS\SYSTEM32\WINMM.dll
0x00007ffa7a580000 - 0x00007ffa7a589000 	C:\WINDOWS\SYSTEM32\WSOCK32.dll
0x00007ffa80590000 - 0x00007ffa805fb000 	C:\WINDOWS\System32\WS2_32.dll
0x00007ffa7d7d0000 - 0x00007ffa7d7e2000 	C:\WINDOWS\SYSTEM32\kernel.appcore.dll
0x00007ffa7b750000 - 0x00007ffa7b760000 	C:\Program Files\Java\jdk-11.0.12\bin\verify.dll
0x00007ffa6f380000 - 0x00007ffa6f564000 	C:\WINDOWS\SYSTEM32\DBGHELP.DLL
0x00007ffa6f1a0000 - 0x00007ffa6f1cc000 	C:\WINDOWS\SYSTEM32\dbgcore.DLL
0x00007ffa7fee0000 - 0x00007ffa7ff62000 	C:\WINDOWS\System32\bcryptPrimitives.dll
0x00007ffa79070000 - 0x00007ffa79098000 	C:\Program Files\Java\jdk-11.0.12\bin\java.dll
0x00007ffa7a9e0000 - 0x00007ffa7a9ea000 	C:\Program Files\Java\jdk-11.0.12\bin\jimage.dll
0x00007ffa78f70000 - 0x00007ffa78f7e000 	C:\Program Files\Java\jdk-11.0.12\bin\instrument.dll
0x00007ffa78af0000 - 0x00007ffa78b06000 	C:\Program Files\Java\jdk-11.0.12\bin\zip.dll
0x00007ffa80d20000 - 0x00007ffa81464000 	C:\WINDOWS\System32\SHELL32.dll
0x00007ffa7d9d0000 - 0x00007ffa7e164000 	C:\WINDOWS\SYSTEM32\windows.storage.dll
0x00007ffa80600000 - 0x00007ffa80954000 	C:\WINDOWS\System32\combase.dll
0x00007ffa7f330000 - 0x00007ffa7f35c000 	C:\WINDOWS\SYSTEM32\Wldp.dll
0x00007ffa803c0000 - 0x00007ffa8046d000 	C:\WINDOWS\System32\SHCORE.dll
0x00007ffa81eb0000 - 0x00007ffa81f05000 	C:\WINDOWS\System32\shlwapi.dll
0x00007ffa7f810000 - 0x00007ffa7f82f000 	C:\WINDOWS\SYSTEM32\profapi.dll
0x00007ffa78ad0000 - 0x00007ffa78ae9000 	C:\Program Files\Java\jdk-11.0.12\bin\net.dll
0x00007ffa77970000 - 0x00007ffa77a7a000 	C:\WINDOWS\SYSTEM32\WINHTTP.dll
0x00007ffa7f090000 - 0x00007ffa7f0fa000 	C:\WINDOWS\system32\mswsock.dll
0x00007ffa78ab0000 - 0x00007ffa78ac2000 	C:\Program Files\Java\jdk-11.0.12\bin\nio.dll
0x00007ffa78210000 - 0x00007ffa7822a000 	C:\Program Files\JetBrains\IntelliJ IDEA 2021.3.2\bin\breakgen64.dll

dbghelp: loaded successfully - version: 4.0.5 - missing functions: none
symbol engine: initialized successfully - sym options: 0x614 - pdb path: .;C:\Program Files\Java\jdk-11.0.12\bin;C:\WINDOWS\SYSTEM32;C:\WINDOWS\WinSxS\amd64_microsoft.windows.common-controls_6595b64144ccf1df_6.0.19041.1110_none_60b5254171f9507e;C:\Program Files\Java\jdk-11.0.12\bin\server;C:\Program Files\JetBrains\IntelliJ IDEA 2021.3.2\bin

VM Arguments:
jvm_args: -Dorg.jetbrains.run.directory=C:\Users\lenovo\IdeaProjects\fleetApp\src\test\resources\features -javaagent:C:\Program Files\JetBrains\IntelliJ IDEA 2021.3.2\lib\idea_rt.jar=64734:C:\Program Files\JetBrains\IntelliJ IDEA 2021.3.2\bin -Dfile.encoding=UTF-8 
java_command: io.cucumber.core.cli.Main --plugin org.jetbrains.plugins.cucumber.java.run.CucumberJvm5SMFormatter --name ^Log out by using log out button$ --glue com.fleetApp.step_definitions C:/Users/lenovo/IdeaProjects/fleetApp/src/test/resources/features/logout.feature
java_class_path (initial): C:\Users\lenovo\IdeaProjects\fleetApp\target\test-classes;C:\Users\lenovo\.m2\repository\org\seleniumhq\selenium\selenium-java\3.141.59\selenium-java-3.141.59.jar;C:\Users\lenovo\.m2\repository\org\seleniumhq\selenium\selenium-api\3.141.59\selenium-api-3.141.59.jar;C:\Users\lenovo\.m2\repository\org\seleniumhq\selenium\selenium-chrome-driver\3.141.59\selenium-chrome-driver-3.141.59.jar;C:\Users\lenovo\.m2\repository\org\seleniumhq\selenium\selenium-edge-driver\3.141.59\selenium-edge-driver-3.141.59.jar;C:\Users\lenovo\.m2\repository\org\seleniumhq\selenium\selenium-firefox-driver\3.141.59\selenium-firefox-driver-3.141.59.jar;C:\Users\lenovo\.m2\repository\org\seleniumhq\selenium\selenium-ie-driver\3.141.59\selenium-ie-driver-3.141.59.jar;C:\Users\lenovo\.m2\repository\org\seleniumhq\selenium\selenium-opera-driver\3.141.59\selenium-opera-driver-3.141.59.jar;C:\Users\lenovo\.m2\repository\org\seleniumhq\selenium\selenium-remote-driver\3.141.59\selenium-remote-driver-3.141.59.jar;C:\Users\lenovo\.m2\repository\org\seleniumhq\selenium\selenium-safari-driver\3.141.59\selenium-safari-driver-3.141.59.jar;C:\Users\lenovo\.m2\repository\org\seleniumhq\selenium\selenium-support\3.141.59\selenium-support-3.141.59.jar;C:\Users\lenovo\.m2\repository\net\bytebuddy\byte-buddy\1.8.15\byte-buddy-1.8.15.jar;C:\Users\lenovo\.m2\repository\org\apache\commons\commons-exec\1.3\commons-exec-1.3.jar;C:\Users\lenovo\.m2\repository\com\google\guava\guava\25.0-jre\guava-25.0-jre.jar;C:\Users\lenovo\.m2\repository\com\google\code\findbugs\jsr305\1.3.9\jsr305-1.3.9.jar;C:\Users\lenovo\.m2\repository\org\checkerframework\checker-compat-qual\2.0.0\checker-compat-qual-2.0.0.jar;C:\Users\lenovo\.m2\repository\com\google\errorprone\error_prone_annotations\2.1.3\error_prone_annotations-2.1.3.jar;C:\Users\lenovo\.m2\repository\com\google\j2objc\j2objc-annotations\1.1\j2objc-annotations-1.1.jar;C:\Users\lenovo\.m2\repository\org\codehaus\mojo\animal-sniffer-annotations\1.14
Launcher Type: SUN_STANDARD

[Global flags]
     intx CICompilerCount                          = 3                                         {product} {ergonomic}
     uint ConcGCThreads                            = 1                                         {product} {ergonomic}
     uint G1ConcRefinementThreads                  = 4                                         {product} {ergonomic}
   size_t G1HeapRegionSize                         = 1048576                                   {product} {ergonomic}
    uintx GCDrainStackTargetSize                   = 64                                        {product} {ergonomic}
   size_t InitialHeapSize                          = 130023424                                 {product} {ergonomic}
   size_t MarkStackSize                            = 4194304                                   {product} {ergonomic}
   size_t MaxHeapSize                              = 2069889024                                {product} {ergonomic}
   size_t MaxNewSize                               = 1241513984                                {product} {ergonomic}
   size_t MinHeapDeltaBytes                        = 1048576                                   {product} {ergonomic}
    uintx NonNMethodCodeHeapSize                   = 5830732                                {pd product} {ergonomic}
    uintx NonProfiledCodeHeapSize                  = 122913754                              {pd product} {ergonomic}
    uintx ProfiledCodeHeapSize                     = 122913754                              {pd product} {ergonomic}
    uintx ReservedCodeCacheSize                    = 251658240                              {pd product} {ergonomic}
     bool SegmentedCodeCache                       = true                                      {product} {ergonomic}
     bool UseCompressedClassPointers               = true                                 {lp64_product} {ergonomic}
     bool UseCompressedOops                        = true                                 {lp64_product} {ergonomic}
     bool UseG1GC                                  = true                                      {product} {ergonomic}
     bool UseLargePagesIndividualAllocation        = false                                  {pd product} {ergonomic}

Logging:
Log output configuration:
 #0: stdout all=warning uptime,level,tags
 #1: stderr all=off uptime,level,tags

Environment Variables:
JAVA_HOME=C:\Program Files\Java\jdk-11.0.12
PATH=C:\Program Files\Common Files\Oracle\Java\javapath;C:\WINDOWS\system32;C:\WINDOWS;C:\WINDOWS\System32\Wbem;C:\WINDOWS\System32\WindowsPowerShell\v1.0\;C:\MATRIKS;C:\MATRIKS\System32\;C:\WINDOWS\System32\OpenSSH\;C:\Program Files (x86)\Git\cmd;C:\apache-maven-3.8.6-bin\apache-maven-3.8.6\bin;C:\Program Files\Java\jdk-11.0.12\bin;C:\Users\lenovo\AppData\Local\bin;C:\Users\lenovo\AppData\Local\Microsoft\WindowsApps;C:\Users\lenovo\AppData\Local\atom\bin
USERNAME=lenovo
OS=Windows_NT
PROCESSOR_IDENTIFIER=Intel64 Family 6 Model 58 Stepping 9, GenuineIntel



---------------  S Y S T E M  ---------------

OS: Windows 10 , 64 bit Build 19041 (10.0.19041.1741)

CPU:total 4 (initial active 4) (2 cores per cpu, 2 threads per core) family 6 model 58 stepping 9 microcode 0x21, cmov, cx8, fxsr, mmx, sse, sse2, sse3, ssse3, sse4.1, sse4.2, popcnt, avx, aes, clmul, erms, ht, tsc, tscinvbit, tscinv

Memory: 4k page, system-wide physical 7889M (534M free)
TotalPageFile size 12694M (AvailPageFile size 2M)
current process WorkingSet (physical memory assigned to process): 60M, peak: 60M
current process commit charge ("private bytes"): 201M, peak: 201M

vm_info: Java HotSpot(TM) 64-Bit Server VM (11.0.12+8-LTS-237) for windows-amd64 JRE (11.0.12+8-LTS-237), built on Jun  8 2021 11:25:59 by "mach5one" with MS VC++ 15.9 (VS2017)

END.
