#
# There is insufficient memory for the Java Runtime Environment to continue.
# Native memory allocation (malloc) failed to allocate 32744 bytes for ChunkPool::allocate
# Possible reasons:
#   The system is out of physical RAM or swap space
#   The process is running with CompressedOops enabled, and the Java Heap may be blocking the growth of the native heap
# Possible solutions:
#   Reduce memory load on the system
#   Increase physical memory or swap space
#   Check if swap backing store is full
#   Decrease Java heap size (-Xmx/-Xms)
#   Decrease number of Java threads
#   Decrease Java thread stack sizes (-Xss)
#   Set larger code cache with -XX:ReservedCodeCacheSize=
#   JVM is running with Unscaled Compressed Oops mode in which the Java heap is
#     placed in the first 4GB address space. The Java Heap base address is the
#     maximum limit for the native heap growth. Please use -XX:HeapBaseMinAddress
#     to set the Java Heap base and to place the Java Heap above 4GB virtual address.
# This output file may be truncated or incomplete.
#
#  Out of Memory Error (./open/src/hotspot/share/memory/arena.cpp:81), pid=13156, tid=12660
#
# JRE version: Java(TM) SE Runtime Environment 18.9 (11.0.12+8) (build 11.0.12+8-LTS-237)
# Java VM: Java HotSpot(TM) 64-Bit Server VM 18.9 (11.0.12+8-LTS-237, mixed mode, tiered, compressed oops, g1 gc, windows-amd64)
# No core dump will be written. Minidumps are not enabled by default on client versions of Windows
#

---------------  S U M M A R Y ------------

Command Line: -ea -DnodeNamesHandler=org.jetbrains.plugins.cucumber.java.run.CucumberTestTreeNodeManager -Didea.test.cyclic.buffer.size=1048576 -javaagent:C:\Program Files\JetBrains\IntelliJ IDEA 2021.3.2\lib\idea_rt.jar=62127:C:\Program Files\JetBrains\IntelliJ IDEA 2021.3.2\bin -Dfile.encoding=UTF-8 com.intellij.rt.junit.JUnitStarter -ideVersion5 -junit4 com.fleetApp.runners.CukesRunner

Host: Intel(R) Core(TM) i5-3380M CPU @ 2.90GHz, 4 cores, 7G,  Windows 10 , 64 bit Build 19041 (10.0.19041.1741)
Time: Fri Jul  1 18:13:19 2022 Turkey Standard Time elapsed time: 52.594663 seconds (0d 0h 0m 52s)

---------------  T H R E A D  ---------------

Current thread (0x0000021ef63ce800):  JavaThread "C2 CompilerThread0" daemon [_thread_in_native, id=12660, stack(0x000000dba6a00000,0x000000dba6b00000)]


Current CompileTask:
C2:  52594 2859 %     4       sun.nio.cs.UTF_8$Encoder::encodeArrayLoop @ 73 (489 bytes)

Stack: [0x000000dba6a00000,0x000000dba6b00000]
Native frames: (J=compiled Java code, j=interpreted, Vv=VM code, C=native code)
V  [jvm.dll+0x617d9a]
V  [jvm.dll+0x74eeef]
V  [jvm.dll+0x750599]
V  [jvm.dll+0x750c23]
V  [jvm.dll+0x2438d8]
V  [jvm.dll+0xba93b]
V  [jvm.dll+0xbac9c]
V  [jvm.dll+0xba7eb]
V  [jvm.dll+0x5f821f]
V  [jvm.dll+0x647644]
V  [jvm.dll+0x19413d]
V  [jvm.dll+0x1fd212]
V  [jvm.dll+0x1fc2ed]
V  [jvm.dll+0x17f18c]
V  [jvm.dll+0x20b87c]
V  [jvm.dll+0x20997b]
V  [jvm.dll+0x716359]
V  [jvm.dll+0x70f064]
V  [jvm.dll+0x616f66]
C  [ucrtbase.dll+0x21bb2]
C  [KERNEL32.DLL+0x17034]
C  [ntdll.dll+0x52651]


---------------  P R O C E S S  ---------------

Threads class SMR info:
_java_thread_list=0x0000021ef8202600, length=17, elements={
0x0000021ed80aa000, 0x0000021ef6389800, 0x0000021ef63b5000, 0x0000021ef6d33000,
0x0000021ef63c9000, 0x0000021ef63cb000, 0x0000021ef63ce800, 0x0000021ef63dc000,
0x0000021ef63de800, 0x0000021ef6e94800, 0x0000021ef6fcf000, 0x0000021ef8406800,
0x0000021ef86cf800, 0x0000021ef8214800, 0x0000021ef85be800, 0x0000021ef86ce800,
0x0000021ef8157800
}

Java Threads: ( => current thread )
  0x0000021ed80aa000 JavaThread "Forwarding findElement on session 9303a4d3049b030680181e6ca21920e9 to remote" [_thread_in_native, id=14844, stack(0x000000dba5e00000,0x000000dba5f00000)]
  0x0000021ef6389800 JavaThread "Reference Handler" daemon [_thread_blocked, id=10948, stack(0x000000dba6500000,0x000000dba6600000)]
  0x0000021ef63b5000 JavaThread "Finalizer" daemon [_thread_blocked, id=17040, stack(0x000000dba6600000,0x000000dba6700000)]
  0x0000021ef6d33000 JavaThread "Signal Dispatcher" daemon [_thread_blocked, id=5028, stack(0x000000dba6700000,0x000000dba6800000)]
  0x0000021ef63c9000 JavaThread "Attach Listener" daemon [_thread_blocked, id=13084, stack(0x000000dba6800000,0x000000dba6900000)]
  0x0000021ef63cb000 JavaThread "Service Thread" daemon [_thread_blocked, id=12860, stack(0x000000dba6900000,0x000000dba6a00000)]
=>0x0000021ef63ce800 JavaThread "C2 CompilerThread0" daemon [_thread_in_native, id=12660, stack(0x000000dba6a00000,0x000000dba6b00000)]
  0x0000021ef63dc000 JavaThread "C1 CompilerThread0" daemon [_thread_blocked, id=1300, stack(0x000000dba6b00000,0x000000dba6c00000)]
  0x0000021ef63de800 JavaThread "Sweeper thread" daemon [_thread_blocked, id=9360, stack(0x000000dba6c00000,0x000000dba6d00000)]
  0x0000021ef6e94800 JavaThread "Common-Cleaner" daemon [_thread_blocked, id=1148, stack(0x000000dba6d00000,0x000000dba6e00000)]
  0x0000021ef6fcf000 JavaThread "Monitor Ctrl-Break" daemon [_thread_in_native, id=4976, stack(0x000000dba6e00000,0x000000dba6f00000)]
  0x0000021ef8406800 JavaThread "Exec Default Executor" daemon [_thread_in_native, id=8484, stack(0x000000dba7100000,0x000000dba7200000)]
  0x0000021ef86cf800 JavaThread "UrlChecker-2" daemon [_thread_blocked, id=12472, stack(0x000000dba7200000,0x000000dba7300000)]
  0x0000021ef8214800 JavaThread "Exec Stream Pumper" daemon [_thread_in_native, id=2580, stack(0x000000dba7400000,0x000000dba7500000)]
  0x0000021ef85be800 JavaThread "Exec Stream Pumper" daemon [_thread_in_native, id=7860, stack(0x000000dba7500000,0x000000dba7600000)]
  0x0000021ef86ce800 JavaThread "OkHttp ConnectionPool" daemon [_thread_blocked, id=16148, stack(0x000000dba7700000,0x000000dba7800000)]
  0x0000021ef8157800 JavaThread "Okio Watchdog" daemon [_thread_blocked, id=15056, stack(0x000000dba7800000,0x000000dba7900000)]

Other Threads:
  0x0000021ef6386800 VMThread "VM Thread" [stack: 0x000000dba6400000,0x000000dba6500000] [id=11424]
  0x0000021ef6ef6800 WatcherThread [stack: 0x000000dba6f00000,0x000000dba7000000] [id=4368]
  0x0000021ed80c1000 GCTaskThread "GC Thread#0" [stack: 0x000000dba5f00000,0x000000dba6000000] [id=6236]
  0x0000021ef7510000 GCTaskThread "GC Thread#1" [stack: 0x000000dba7000000,0x000000dba7100000] [id=7980]
  0x0000021ed5f7a000 ConcurrentGCThread "G1 Main Marker" [stack: 0x000000dba6000000,0x000000dba6100000] [id=2652]
  0x0000021ed5f7b800 ConcurrentGCThread "G1 Conc#0" [stack: 0x000000dba6100000,0x000000dba6200000] [id=928]
  0x0000021ed816f000 ConcurrentGCThread "G1 Refine#0" [stack: 0x000000dba6200000,0x000000dba6300000] [id=4816]
  0x0000021ed8170000 ConcurrentGCThread "G1 Young RemSet Sampling" [stack: 0x000000dba6300000,0x000000dba6400000] [id=1276]

Threads with active compile tasks:
C2 CompilerThread0  52632 2859 %     4       sun.nio.cs.UTF_8$Encoder::encodeArrayLoop @ 73 (489 bytes)

VM state:not at safepoint (normal execution)

VM Mutex/Monitor currently owned by a thread: None

Heap address: 0x0000000084a00000, size: 1974 MB, Compressed Oops mode: 32-bit
Narrow klass base: 0x0000000000000000, Narrow klass shift: 3
Compressed class space size: 1073741824 Address: 0x0000000100000000

Heap:
 garbage-first heap   total 126976K, used 21539K [0x0000000084a00000, 0x0000000100000000)
  region size 1024K, 14 young (14336K), 5 survivors (5120K)
 Metaspace       used 29775K, capacity 30670K, committed 30768K, reserved 1077248K
  class space    used 3357K, capacity 3701K, committed 3712K, reserved 1048576K
Heap Regions: E=young(eden), S=young(survivor), O=old, HS=humongous(starts), HC=humongous(continues), CS=collection set, F=free, A=archive, TAMS=top-at-mark-start (previous, next)
|   0|0x0000000084a00000, 0x0000000084b00000, 0x0000000084b00000|100%| O|  |TAMS 0x0000000084b00000, 0x0000000084a00000| Untracked 
|   1|0x0000000084b00000, 0x0000000084c00000, 0x0000000084c00000|100%| O|  |TAMS 0x0000000084c00000, 0x0000000084b00000| Untracked 
|   2|0x0000000084c00000, 0x0000000084d00000, 0x0000000084d00000|100%| O|  |TAMS 0x0000000084d00000, 0x0000000084c00000| Untracked 
|   3|0x0000000084d00000, 0x0000000084e00000, 0x0000000084e00000|100%| O|  |TAMS 0x0000000084d2ec00, 0x0000000084d00000| Untracked 
|   4|0x0000000084e00000, 0x0000000084f00000, 0x0000000084f00000|100%| O|  |TAMS 0x0000000084e00000, 0x0000000084e00000| Untracked 
|   5|0x0000000084f00000, 0x0000000085000000, 0x0000000085000000|100%| O|  |TAMS 0x0000000084f00000, 0x0000000084f00000| Untracked 
|   6|0x0000000085000000, 0x0000000085100000, 0x0000000085100000|100%| O|  |TAMS 0x0000000085000000, 0x0000000085000000| Untracked 
|   7|0x0000000085100000, 0x0000000085200000, 0x0000000085200000|100%| O|  |TAMS 0x0000000085100000, 0x0000000085100000| Untracked 
|   8|0x0000000085200000, 0x00000000852b4200, 0x0000000085300000| 70%| O|  |TAMS 0x0000000085200000, 0x0000000085200000| Untracked 
|   9|0x0000000085300000, 0x0000000085300000, 0x0000000085400000|  0%| F|  |TAMS 0x0000000085300000, 0x0000000085300000| Untracked 
|  10|0x0000000085400000, 0x0000000085400000, 0x0000000085500000|  0%| F|  |TAMS 0x0000000085400000, 0x0000000085400000| Untracked 
|  11|0x0000000085500000, 0x0000000085500000, 0x0000000085600000|  0%| F|  |TAMS 0x0000000085500000, 0x0000000085500000| Untracked 
|  12|0x0000000085600000, 0x0000000085600000, 0x0000000085700000|  0%| F|  |TAMS 0x0000000085600000, 0x0000000085600000| Untracked 
|  13|0x0000000085700000, 0x0000000085700000, 0x0000000085800000|  0%| F|  |TAMS 0x0000000085700000, 0x0000000085700000| Untracked 
|  14|0x0000000085800000, 0x0000000085800000, 0x0000000085900000|  0%| F|  |TAMS 0x0000000085800000, 0x0000000085800000| Untracked 
|  15|0x0000000085900000, 0x0000000085900000, 0x0000000085a00000|  0%| F|  |TAMS 0x0000000085900000, 0x0000000085900000| Untracked 
|  16|0x0000000085a00000, 0x0000000085a00000, 0x0000000085b00000|  0%| F|  |TAMS 0x0000000085a00000, 0x0000000085a00000| Untracked 
|  17|0x0000000085b00000, 0x0000000085b00000, 0x0000000085c00000|  0%| F|  |TAMS 0x0000000085b00000, 0x0000000085b00000| Untracked 
|  18|0x0000000085c00000, 0x0000000085c00000, 0x0000000085d00000|  0%| F|  |TAMS 0x0000000085c00000, 0x0000000085c00000| Untracked 
|  19|0x0000000085d00000, 0x0000000085d00000, 0x0000000085e00000|  0%| F|  |TAMS 0x0000000085d00000, 0x0000000085d00000| Untracked 
|  20|0x0000000085e00000, 0x0000000085e00000, 0x0000000085f00000|  0%| F|  |TAMS 0x0000000085e00000, 0x0000000085e00000| Untracked 
|  21|0x0000000085f00000, 0x0000000085f00000, 0x0000000086000000|  0%| F|  |TAMS 0x0000000085f00000, 0x0000000085f00000| Untracked 
|  22|0x0000000086000000, 0x0000000086000000, 0x0000000086100000|  0%| F|  |TAMS 0x0000000086000000, 0x0000000086000000| Untracked 
|  23|0x0000000086100000, 0x0000000086100000, 0x0000000086200000|  0%| F|  |TAMS 0x0000000086100000, 0x0000000086100000| Untracked 
|  24|0x0000000086200000, 0x0000000086200000, 0x0000000086300000|  0%| F|  |TAMS 0x0000000086200000, 0x0000000086200000| Untracked 
|  25|0x0000000086300000, 0x0000000086300000, 0x0000000086400000|  0%| F|  |TAMS 0x0000000086300000, 0x0000000086300000| Untracked 
|  26|0x0000000086400000, 0x0000000086400000, 0x0000000086500000|  0%| F|  |TAMS 0x0000000086400000, 0x0000000086400000| Untracked 
|  27|0x0000000086500000, 0x0000000086500000, 0x0000000086600000|  0%| F|  |TAMS 0x0000000086500000, 0x0000000086500000| Untracked 
|  28|0x0000000086600000, 0x0000000086600000, 0x0000000086700000|  0%| F|  |TAMS 0x0000000086600000, 0x0000000086600000| Untracked 
|  29|0x0000000086700000, 0x0000000086700000, 0x0000000086800000|  0%| F|  |TAMS 0x0000000086700000, 0x0000000086700000| Untracked 
|  30|0x0000000086800000, 0x0000000086800000, 0x0000000086900000|  0%| F|  |TAMS 0x0000000086800000, 0x0000000086800000| Untracked 
|  31|0x0000000086900000, 0x0000000086900000, 0x0000000086a00000|  0%| F|  |TAMS 0x0000000086900000, 0x0000000086900000| Untracked 
|  32|0x0000000086a00000, 0x0000000086a00000, 0x0000000086b00000|  0%| F|  |TAMS 0x0000000086a00000, 0x0000000086a00000| Untracked 
|  33|0x0000000086b00000, 0x0000000086b00000, 0x0000000086c00000|  0%| F|  |TAMS 0x0000000086b00000, 0x0000000086b00000| Untracked 
|  34|0x0000000086c00000, 0x0000000086c00000, 0x0000000086d00000|  0%| F|  |TAMS 0x0000000086c00000, 0x0000000086c00000| Untracked 
|  35|0x0000000086d00000, 0x0000000086d00000, 0x0000000086e00000|  0%| F|  |TAMS 0x0000000086d00000, 0x0000000086d00000| Untracked 
|  36|0x0000000086e00000, 0x0000000086e00000, 0x0000000086f00000|  0%| F|  |TAMS 0x0000000086e00000, 0x0000000086e00000| Untracked 
|  37|0x0000000086f00000, 0x0000000086f00000, 0x0000000087000000|  0%| F|  |TAMS 0x0000000086f00000, 0x0000000086f00000| Untracked 
|  38|0x0000000087000000, 0x0000000087000000, 0x0000000087100000|  0%| F|  |TAMS 0x0000000087000000, 0x0000000087000000| Untracked 
|  39|0x0000000087100000, 0x0000000087100000, 0x0000000087200000|  0%| F|  |TAMS 0x0000000087100000, 0x0000000087100000| Untracked 
|  40|0x0000000087200000, 0x0000000087200000, 0x0000000087300000|  0%| F|  |TAMS 0x0000000087200000, 0x0000000087200000| Untracked 
|  41|0x0000000087300000, 0x0000000087300000, 0x0000000087400000|  0%| F|  |TAMS 0x0000000087300000, 0x0000000087300000| Untracked 
|  42|0x0000000087400000, 0x0000000087400000, 0x0000000087500000|  0%| F|  |TAMS 0x0000000087400000, 0x0000000087400000| Untracked 
|  43|0x0000000087500000, 0x0000000087500000, 0x0000000087600000|  0%| F|  |TAMS 0x0000000087500000, 0x0000000087500000| Untracked 
|  44|0x0000000087600000, 0x0000000087600000, 0x0000000087700000|  0%| F|  |TAMS 0x0000000087600000, 0x0000000087600000| Untracked 
|  45|0x0000000087700000, 0x0000000087700000, 0x0000000087800000|  0%| F|  |TAMS 0x0000000087700000, 0x0000000087700000| Untracked 
|  46|0x0000000087800000, 0x0000000087800000, 0x0000000087900000|  0%| F|  |TAMS 0x0000000087800000, 0x0000000087800000| Untracked 
|  47|0x0000000087900000, 0x0000000087900000, 0x0000000087a00000|  0%| F|  |TAMS 0x0000000087900000, 0x0000000087900000| Untracked 
|  48|0x0000000087a00000, 0x0000000087a00000, 0x0000000087b00000|  0%| F|  |TAMS 0x0000000087a00000, 0x0000000087a00000| Untracked 
|  49|0x0000000087b00000, 0x0000000087b00000, 0x0000000087c00000|  0%| F|  |TAMS 0x0000000087b00000, 0x0000000087b00000| Untracked 
|  50|0x0000000087c00000, 0x0000000087c00000, 0x0000000087d00000|  0%| F|  |TAMS 0x0000000087c00000, 0x0000000087c00000| Untracked 
|  51|0x0000000087d00000, 0x0000000087d00000, 0x0000000087e00000|  0%| F|  |TAMS 0x0000000087d00000, 0x0000000087d00000| Untracked 
|  52|0x0000000087e00000, 0x0000000087e00000, 0x0000000087f00000|  0%| F|  |TAMS 0x0000000087e00000, 0x0000000087e00000| Untracked 
|  53|0x0000000087f00000, 0x0000000087f00000, 0x0000000088000000|  0%| F|  |TAMS 0x0000000087f00000, 0x0000000087f00000| Untracked 
|  54|0x0000000088000000, 0x0000000088000000, 0x0000000088100000|  0%| F|  |TAMS 0x0000000088000000, 0x0000000088000000| Untracked 
|  55|0x0000000088100000, 0x0000000088100000, 0x0000000088200000|  0%| F|  |TAMS 0x0000000088100000, 0x0000000088100000| Untracked 
|  56|0x0000000088200000, 0x0000000088200000, 0x0000000088300000|  0%| F|  |TAMS 0x0000000088200000, 0x0000000088200000| Untracked 
|  57|0x0000000088300000, 0x0000000088300000, 0x0000000088400000|  0%| F|  |TAMS 0x0000000088300000, 0x0000000088300000| Untracked 
|  58|0x0000000088400000, 0x0000000088400000, 0x0000000088500000|  0%| F|  |TAMS 0x0000000088400000, 0x0000000088400000| Untracked 
|  59|0x0000000088500000, 0x0000000088500000, 0x0000000088600000|  0%| F|  |TAMS 0x0000000088500000, 0x0000000088500000| Untracked 
|  60|0x0000000088600000, 0x0000000088600000, 0x0000000088700000|  0%| F|  |TAMS 0x0000000088600000, 0x0000000088600000| Untracked 
|  61|0x0000000088700000, 0x0000000088700000, 0x0000000088800000|  0%| F|  |TAMS 0x0000000088700000, 0x0000000088700000| Untracked 
|  62|0x0000000088800000, 0x0000000088800000, 0x0000000088900000|  0%| F|  |TAMS 0x0000000088800000, 0x0000000088800000| Untracked 
|  63|0x0000000088900000, 0x0000000088900000, 0x0000000088a00000|  0%| F|  |TAMS 0x0000000088900000, 0x0000000088900000| Untracked 
|  64|0x0000000088a00000, 0x0000000088a00000, 0x0000000088b00000|  0%| F|  |TAMS 0x0000000088a00000, 0x0000000088a00000| Untracked 
|  65|0x0000000088b00000, 0x0000000088b00000, 0x0000000088c00000|  0%| F|  |TAMS 0x0000000088b00000, 0x0000000088b00000| Untracked 
|  66|0x0000000088c00000, 0x0000000088c00000, 0x0000000088d00000|  0%| F|  |TAMS 0x0000000088c00000, 0x0000000088c00000| Untracked 
|  67|0x0000000088d00000, 0x0000000088d00000, 0x0000000088e00000|  0%| F|  |TAMS 0x0000000088d00000, 0x0000000088d00000| Untracked 
|  68|0x0000000088e00000, 0x0000000088e00000, 0x0000000088f00000|  0%| F|  |TAMS 0x0000000088e00000, 0x0000000088e00000| Untracked 
|  69|0x0000000088f00000, 0x0000000088f00000, 0x0000000089000000|  0%| F|  |TAMS 0x0000000088f00000, 0x0000000088f00000| Untracked 
|  70|0x0000000089000000, 0x0000000089000000, 0x0000000089100000|  0%| F|  |TAMS 0x0000000089000000, 0x0000000089000000| Untracked 
|  71|0x0000000089100000, 0x0000000089100000, 0x0000000089200000|  0%| F|  |TAMS 0x0000000089100000, 0x0000000089100000| Untracked 
|  72|0x0000000089200000, 0x0000000089200000, 0x0000000089300000|  0%| F|  |TAMS 0x0000000089200000, 0x0000000089200000| Untracked 
|  73|0x0000000089300000, 0x0000000089300000, 0x0000000089400000|  0%| F|  |TAMS 0x0000000089300000, 0x0000000089300000| Untracked 
|  74|0x0000000089400000, 0x0000000089400000, 0x0000000089500000|  0%| F|  |TAMS 0x0000000089400000, 0x0000000089400000| Untracked 
|  75|0x0000000089500000, 0x0000000089500000, 0x0000000089600000|  0%| F|  |TAMS 0x0000000089500000, 0x0000000089500000| Untracked 
|  76|0x0000000089600000, 0x0000000089600000, 0x0000000089700000|  0%| F|  |TAMS 0x0000000089600000, 0x0000000089600000| Untracked 
|  77|0x0000000089700000, 0x0000000089700000, 0x0000000089800000|  0%| F|  |TAMS 0x0000000089700000, 0x0000000089700000| Untracked 
|  78|0x0000000089800000, 0x0000000089800000, 0x0000000089900000|  0%| F|  |TAMS 0x0000000089800000, 0x0000000089800000| Untracked 
|  79|0x0000000089900000, 0x0000000089900000, 0x0000000089a00000|  0%| F|  |TAMS 0x0000000089900000, 0x0000000089900000| Untracked 
|  80|0x0000000089a00000, 0x0000000089a00000, 0x0000000089b00000|  0%| F|  |TAMS 0x0000000089a00000, 0x0000000089a00000| Untracked 
|  81|0x0000000089b00000, 0x0000000089b54d10, 0x0000000089c00000| 33%| S|CS|TAMS 0x0000000089b00000, 0x0000000089b00000| Complete 
|  82|0x0000000089c00000, 0x0000000089d00000, 0x0000000089d00000|100%| S|CS|TAMS 0x0000000089c00000, 0x0000000089c00000| Complete 
|  83|0x0000000089d00000, 0x0000000089e00000, 0x0000000089e00000|100%| S|CS|TAMS 0x0000000089d00000, 0x0000000089d00000| Complete 
|  84|0x0000000089e00000, 0x0000000089f00000, 0x0000000089f00000|100%| S|CS|TAMS 0x0000000089e00000, 0x0000000089e00000| Complete 
|  85|0x0000000089f00000, 0x000000008a000000, 0x000000008a000000|100%| S|CS|TAMS 0x0000000089f00000, 0x0000000089f00000| Complete 
|  86|0x000000008a000000, 0x000000008a000000, 0x000000008a100000|  0%| F|  |TAMS 0x000000008a000000, 0x000000008a000000| Untracked 
|  87|0x000000008a100000, 0x000000008a100000, 0x000000008a200000|  0%| F|  |TAMS 0x000000008a100000, 0x000000008a100000| Untracked 
|  88|0x000000008a200000, 0x000000008a200000, 0x000000008a300000|  0%| F|  |TAMS 0x000000008a200000, 0x000000008a200000| Untracked 
|  89|0x000000008a300000, 0x000000008a300000, 0x000000008a400000|  0%| F|  |TAMS 0x000000008a300000, 0x000000008a300000| Untracked 
|  90|0x000000008a400000, 0x000000008a400000, 0x000000008a500000|  0%| F|  |TAMS 0x000000008a400000, 0x000000008a400000| Untracked 
|  91|0x000000008a500000, 0x000000008a500000, 0x000000008a600000|  0%| F|  |TAMS 0x000000008a500000, 0x000000008a500000| Untracked 
|  92|0x000000008a600000, 0x000000008a600000, 0x000000008a700000|  0%| F|  |TAMS 0x000000008a600000, 0x000000008a600000| Untracked 
|  93|0x000000008a700000, 0x000000008a700000, 0x000000008a800000|  0%| F|  |TAMS 0x000000008a700000, 0x000000008a700000| Untracked 
|  94|0x000000008a800000, 0x000000008a800000, 0x000000008a900000|  0%| F|  |TAMS 0x000000008a800000, 0x000000008a800000| Untracked 
|  95|0x000000008a900000, 0x000000008a900000, 0x000000008aa00000|  0%| F|  |TAMS 0x000000008a900000, 0x000000008a900000| Untracked 
|  96|0x000000008aa00000, 0x000000008aa00000, 0x000000008ab00000|  0%| F|  |TAMS 0x000000008aa00000, 0x000000008aa00000| Untracked 
|  97|0x000000008ab00000, 0x000000008ab00000, 0x000000008ac00000|  0%| F|  |TAMS 0x000000008ab00000, 0x000000008ab00000| Untracked 
|  98|0x000000008ac00000, 0x000000008ac00000, 0x000000008ad00000|  0%| F|  |TAMS 0x000000008ac00000, 0x000000008ac00000| Untracked 
|  99|0x000000008ad00000, 0x000000008ad00000, 0x000000008ae00000|  0%| F|  |TAMS 0x000000008ad00000, 0x000000008ad00000| Untracked 
| 100|0x000000008ae00000, 0x000000008ae00000, 0x000000008af00000|  0%| F|  |TAMS 0x000000008ae00000, 0x000000008ae00000| Untracked 
| 101|0x000000008af00000, 0x000000008af00000, 0x000000008b000000|  0%| F|  |TAMS 0x000000008af00000, 0x000000008af00000| Untracked 
| 102|0x000000008b000000, 0x000000008b000000, 0x000000008b100000|  0%| F|  |TAMS 0x000000008b000000, 0x000000008b000000| Untracked 
| 103|0x000000008b100000, 0x000000008b100000, 0x000000008b200000|  0%| F|  |TAMS 0x000000008b100000, 0x000000008b100000| Untracked 
| 104|0x000000008b200000, 0x000000008b200000, 0x000000008b300000|  0%| F|  |TAMS 0x000000008b200000, 0x000000008b200000| Untracked 
| 105|0x000000008b300000, 0x000000008b300000, 0x000000008b400000|  0%| F|  |TAMS 0x000000008b300000, 0x000000008b300000| Untracked 
| 106|0x000000008b400000, 0x000000008b400000, 0x000000008b500000|  0%| F|  |TAMS 0x000000008b400000, 0x000000008b400000| Untracked 
| 107|0x000000008b500000, 0x000000008b500000, 0x000000008b600000|  0%| F|  |TAMS 0x000000008b500000, 0x000000008b500000| Untracked 
| 108|0x000000008b600000, 0x000000008b600000, 0x000000008b700000|  0%| F|  |TAMS 0x000000008b600000, 0x000000008b600000| Untracked 
| 109|0x000000008b700000, 0x000000008b700000, 0x000000008b800000|  0%| F|  |TAMS 0x000000008b700000, 0x000000008b700000| Untracked 
| 110|0x000000008b800000, 0x000000008b800000, 0x000000008b900000|  0%| F|  |TAMS 0x000000008b800000, 0x000000008b800000| Untracked 
| 111|0x000000008b900000, 0x000000008b900000, 0x000000008ba00000|  0%| F|  |TAMS 0x000000008b900000, 0x000000008b900000| Untracked 
| 112|0x000000008ba00000, 0x000000008ba00000, 0x000000008bb00000|  0%| F|  |TAMS 0x000000008ba00000, 0x000000008ba00000| Untracked 
| 113|0x000000008bb00000, 0x000000008bb00000, 0x000000008bc00000|  0%| F|  |TAMS 0x000000008bb00000, 0x000000008bb00000| Untracked 
| 114|0x000000008bc00000, 0x000000008bc00000, 0x000000008bd00000|  0%| F|  |TAMS 0x000000008bc00000, 0x000000008bc00000| Untracked 
| 115|0x000000008bd00000, 0x000000008bd80800, 0x000000008be00000| 50%| E|  |TAMS 0x000000008bd00000, 0x000000008bd00000| Complete 
| 116|0x000000008be00000, 0x000000008bf00000, 0x000000008bf00000|100%| E|CS|TAMS 0x000000008be00000, 0x000000008be00000| Complete 
| 117|0x000000008bf00000, 0x000000008c000000, 0x000000008c000000|100%| E|CS|TAMS 0x000000008bf00000, 0x000000008bf00000| Complete 
| 118|0x000000008c000000, 0x000000008c100000, 0x000000008c100000|100%| E|CS|TAMS 0x000000008c000000, 0x000000008c000000| Complete 
| 119|0x000000008c100000, 0x000000008c200000, 0x000000008c200000|100%| E|CS|TAMS 0x000000008c100000, 0x000000008c100000| Complete 
| 120|0x000000008c200000, 0x000000008c300000, 0x000000008c300000|100%| E|CS|TAMS 0x000000008c200000, 0x000000008c200000| Complete 
| 121|0x000000008c300000, 0x000000008c400000, 0x000000008c400000|100%| E|CS|TAMS 0x000000008c300000, 0x000000008c300000| Complete 
| 122|0x000000008c400000, 0x000000008c500000, 0x000000008c500000|100%| E|CS|TAMS 0x000000008c400000, 0x000000008c400000| Complete 
| 123|0x000000008c500000, 0x000000008c600000, 0x000000008c600000|100%| E|CS|TAMS 0x000000008c500000, 0x000000008c500000| Complete 

Card table byte_map: [0x0000021eef940000,0x0000021eefd20000] _byte_map_base: 0x0000021eef51b000

Marking Bits (Prev, Next): (CMBitMap*) 0x0000021ed80e76a0, (CMBitMap*) 0x0000021ed80e7668
 Prev Bits: [0x0000021ef1fe0000, 0x0000021ef3eb8000)
 Next Bits: [0x0000021ef0100000, 0x0000021ef1fd8000)

Polling page: 0x0000021ed7880000

Metaspace:

Usage:
  Non-class:     26.34 MB capacity,    25.80 MB ( 98%) used,   452.07 KB (  2%) free+waste,    98.38 KB ( <1%) overhead. 
      Class:      3.61 MB capacity,     3.28 MB ( 91%) used,   295.94 KB (  8%) free+waste,    47.75 KB (  1%) overhead. 
       Both:     29.95 MB capacity,    29.08 MB ( 97%) used,   748.01 KB (  2%) free+waste,   146.13 KB ( <1%) overhead. 

Virtual space:
  Non-class space:       28.00 MB reserved,      26.42 MB ( 94%) committed 
      Class space:        1.00 GB reserved,       3.63 MB ( <1%) committed 
             Both:        1.03 GB reserved,      30.05 MB (  3%) committed 

Chunk freelists:
   Non-Class:  2.88 KB
       Class:  0 bytes
        Both:  2.88 KB

CodeHeap 'non-profiled nmethods': size=120064Kb used=1144Kb max_used=1144Kb free=118919Kb
 bounds [0x0000021ee8020000, 0x0000021ee8290000, 0x0000021eef560000]
CodeHeap 'profiled nmethods': size=120000Kb used=5921Kb max_used=5921Kb free=114079Kb
 bounds [0x0000021ee0af0000, 0x0000021ee10c0000, 0x0000021ee8020000]
CodeHeap 'non-nmethods': size=5696Kb used=1145Kb max_used=1184Kb free=4550Kb
 bounds [0x0000021ee0560000, 0x0000021ee07d0000, 0x0000021ee0af0000]
 total_blobs=3345 nmethods=2860 adapters=396
 compilation: enabled
              stopped_count=0, restarted_count=0
 full_count=0

Compilation events (10 events):
Event: 52.574 Thread 0x0000021ef63dc000 2858       3       java.util.LinkedHashMap$LinkedEntrySet::iterator (12 bytes)
Event: 52.575 Thread 0x0000021ef63dc000 nmethod 2858 0x0000021ee10b6090 code [0x0000021ee10b6260, 0x0000021ee10b65f8]
Event: 52.576 Thread 0x0000021ef63dc000 2860       3       java.util.Spliterators$ArraySpliterator::<init> (33 bytes)
Event: 52.576 Thread 0x0000021ef63dc000 nmethod 2860 0x0000021ee10b6710 code [0x0000021ee10b68c0, 0x0000021ee10b6a98]
Event: 52.576 Thread 0x0000021ef63dc000 2862       3       java.lang.String::indexOf (7 bytes)
Event: 52.577 Thread 0x0000021ef63dc000 nmethod 2862 0x0000021ee10b6b90 code [0x0000021ee10b6d60, 0x0000021ee10b7058]
Event: 52.577 Thread 0x0000021ef63dc000 2864       3       java.util.regex.Matcher::match (154 bytes)
Event: 52.578 Thread 0x0000021ef63dc000 nmethod 2864 0x0000021ee10b7190 code [0x0000021ee10b73a0, 0x0000021ee10b7b08]
Event: 52.578 Thread 0x0000021ef63dc000 2863       3       com.google.common.collect.Maps::immutableEntry (10 bytes)
Event: 52.578 Thread 0x0000021ef63dc000 nmethod 2863 0x0000021ee10b7e10 code [0x0000021ee10b7fc0, 0x0000021ee10b82d8]

GC Heap History (6 events):
Event: 0.770 GC heap before
{Heap before GC invocations=0 (full 0):
 garbage-first heap   total 126976K, used 13312K [0x0000000084a00000, 0x0000000100000000)
  region size 1024K, 14 young (14336K), 0 survivors (0K)
 Metaspace       used 7291K, capacity 7417K, committed 7680K, reserved 1056768K
  class space    used 664K, capacity 704K, committed 768K, reserved 1048576K
}
Event: 0.775 GC heap after
{Heap after GC invocations=1 (full 0):
 garbage-first heap   total 126976K, used 5307K [0x0000000084a00000, 0x0000000100000000)
  region size 1024K, 2 young (2048K), 2 survivors (2048K)
 Metaspace       used 7291K, capacity 7417K, committed 7680K, reserved 1056768K
  class space    used 664K, capacity 704K, committed 768K, reserved 1048576K
}
Event: 2.976 GC heap before
{Heap before GC invocations=1 (full 0):
 garbage-first heap   total 126976K, used 55483K [0x0000000084a00000, 0x0000000100000000)
  region size 1024K, 52 young (53248K), 2 survivors (2048K)
 Metaspace       used 20649K, capacity 21162K, committed 21296K, reserved 1069056K
  class space    used 2182K, capacity 2402K, committed 2432K, reserved 1048576K
}
Event: 2.989 GC heap after
{Heap after GC invocations=2 (full 0):
 garbage-first heap   total 126976K, used 9010K [0x0000000084a00000, 0x0000000100000000)
  region size 1024K, 6 young (6144K), 6 survivors (6144K)
 Metaspace       used 20649K, capacity 21162K, committed 21296K, reserved 1069056K
  class space    used 2182K, capacity 2402K, committed 2432K, reserved 1048576K
}
Event: 5.075 GC heap before
{Heap before GC invocations=3 (full 0):
 garbage-first heap   total 126976K, used 47922K [0x0000000084a00000, 0x0000000100000000)
  region size 1024K, 44 young (45056K), 6 survivors (6144K)
 Metaspace       used 28352K, capacity 29180K, committed 29360K, reserved 1075200K
  class space    used 3173K, capacity 3506K, committed 3584K, reserved 1048576K
}
Event: 5.089 GC heap after
{Heap after GC invocations=4 (full 0):
 garbage-first heap   total 126976K, used 13347K [0x0000000084a00000, 0x0000000100000000)
  region size 1024K, 5 young (5120K), 5 survivors (5120K)
 Metaspace       used 28352K, capacity 29180K, committed 29360K, reserved 1075200K
  class space    used 3173K, capacity 3506K, committed 3584K, reserved 1048576K
}

Deoptimization events (10 events):
Event: 6.388 Thread 0x0000021ed80aa000 Uncommon trap: reason=bimorphic_or_optimized_type_check action=maybe_recompile pc=0x0000021ee80dc4f0 method=java.util.HashMap.putVal(ILjava/lang/Object;Ljava/lang/Object;ZZ)Ljava/lang/Object; @ 203 c2
Event: 6.389 Thread 0x0000021ed80aa000 Uncommon trap: reason=bimorphic_or_optimized_type_check action=maybe_recompile pc=0x0000021ee80dc4f0 method=java.util.HashMap.putVal(ILjava/lang/Object;Ljava/lang/Object;ZZ)Ljava/lang/Object; @ 203 c2
Event: 6.389 Thread 0x0000021ed80aa000 Uncommon trap: reason=bimorphic_or_optimized_type_check action=maybe_recompile pc=0x0000021ee80dc4f0 method=java.util.HashMap.putVal(ILjava/lang/Object;Ljava/lang/Object;ZZ)Ljava/lang/Object; @ 203 c2
Event: 50.478 Thread 0x0000021ed80aa000 Uncommon trap: reason=unstable_if action=reinterpret pc=0x0000021ee8046524 method=java.lang.AbstractStringBuilder.putStringAt(ILjava/lang/String;)V @ 8 c2
Event: 50.478 Thread 0x0000021ed80aa000 Uncommon trap: reason=unstable_if action=reinterpret pc=0x0000021ee806200c method=java.lang.AbstractStringBuilder.putStringAt(ILjava/lang/String;)V @ 8 c2
Event: 50.478 Thread 0x0000021ed80aa000 Uncommon trap: reason=unstable_if action=reinterpret pc=0x0000021ee8046ee0 method=java.lang.String.getBytes([BIB)V @ 5 c2
Event: 50.478 Thread 0x0000021ed80aa000 Uncommon trap: reason=unstable_if action=reinterpret pc=0x0000021ee809884c method=java.lang.AbstractStringBuilder.appendChars(Ljava/lang/CharSequence;II)V @ 43 c2
Event: 50.488 Thread 0x0000021ed80aa000 Uncommon trap: reason=unstable_if action=reinterpret pc=0x0000021ee81069b8 method=java.lang.String.getChars(II[CI)V @ 23 c2
Event: 50.501 Thread 0x0000021ed80aa000 Uncommon trap: reason=unstable_if action=reinterpret pc=0x0000021ee806f6f4 method=java.lang.String.substring(II)Ljava/lang/String; @ 31 c2
Event: 50.505 Thread 0x0000021ed80aa000 Uncommon trap: reason=unstable_if action=reinterpret pc=0x0000021ee805fdd4 method=java.lang.String.isLatin1()Z @ 10 c2

Classes redefined (0 events):
No events

Internal exceptions (10 events):
Event: 7.928 Thread 0x0000021ed80aa000 Exception <a 'java/net/SocketTimeoutException'{0x000000008c1d2ca8}: Read timed out> (0x000000008c1d2ca8) thrown at [./open/src/hotspot/share/prims/jni.cpp, line 632]
Event: 7.944 Thread 0x0000021ed80aa000 Exception <a 'java/net/SocketTimeoutException'{0x000000008c1eb370}: Read timed out> (0x000000008c1eb370) thrown at [./open/src/hotspot/share/prims/jni.cpp, line 632]
Event: 9.122 Thread 0x0000021ed80aa000 Exception <a 'java/net/SocketTimeoutException'{0x000000008c017b20}: Read timed out> (0x000000008c017b20) thrown at [./open/src/hotspot/share/prims/jni.cpp, line 632]
Event: 19.221 Thread 0x0000021ed80aa000 Exception <a 'java/lang/ClassNotFoundException'{0x000000008c048100}: sun/misc/SharedSecrets> (0x000000008c048100) thrown at [./open/src/hotspot/share/classfile/systemDictionary.cpp, line 228]
Event: 19.752 Thread 0x0000021ed80aa000 Exception <a 'java/net/SocketTimeoutException'{0x000000008c062340}: Read timed out> (0x000000008c062340) thrown at [./open/src/hotspot/share/prims/jni.cpp, line 632]
Event: 30.336 Thread 0x0000021ed80aa000 Exception <a 'java/net/SocketTimeoutException'{0x000000008bf02fb8}: Read timed out> (0x000000008bf02fb8) thrown at [./open/src/hotspot/share/prims/jni.cpp, line 632]
Event: 40.408 Thread 0x0000021ed80aa000 Exception <a 'java/net/SocketTimeoutException'{0x000000008bf2a648}: Read timed out> (0x000000008bf2a648) thrown at [./open/src/hotspot/share/prims/jni.cpp, line 632]
Event: 50.464 Thread 0x0000021ed80aa000 Exception <a 'java/lang/reflect/InvocationTargetException'{0x000000008bf4beb0}> (0x000000008bf4beb0) thrown at [./open/src/hotspot/share/runtime/reflection.cpp, line 1242]
Event: 50.550 Thread 0x0000021ed80aa000 Exception <a 'java/net/SocketTimeoutException'{0x000000008bd3ff30}: Read timed out> (0x000000008bd3ff30) thrown at [./open/src/hotspot/share/prims/jni.cpp, line 632]
Event: 52.588 Thread 0x0000021ed80aa000 Exception <a 'java/net/SocketTimeoutException'{0x000000008bd547b0}: Read timed out> (0x000000008bd547b0) thrown at [./open/src/hotspot/share/prims/jni.cpp, line 632]

Events (10 events):
Event: 50.525 loading class org/testng/SkipException done
Event: 50.525 loading class org/opentest4j/TestAbortedException
Event: 50.525 loading class org/opentest4j/TestAbortedException done
Event: 50.525 loading class org/testng/SkipException
Event: 50.525 loading class org/testng/SkipException done
Event: 50.526 loading class org/opentest4j/TestAbortedException
Event: 50.526 loading class org/opentest4j/TestAbortedException done
Event: 50.526 loading class org/testng/SkipException
Event: 50.526 loading class org/testng/SkipException done
Event: 52.572 Thread 0x0000021ef8673000 Thread exited: 0x0000021ef8673000


Dynamic libraries:
0x00007ff606980000 - 0x00007ff60698f000 	C:\Program Files\Java\jdk-11.0.12\bin\java.exe
0x00007ffdaa430000 - 0x00007ffdaa627000 	C:\WINDOWS\SYSTEM32\ntdll.dll
0x00007ffda9290000 - 0x00007ffda934d000 	C:\WINDOWS\System32\KERNEL32.DLL
0x00007ffda7bd0000 - 0x00007ffda7e9d000 	C:\WINDOWS\System32\KERNELBASE.dll
0x00007ffda7ff0000 - 0x00007ffda80f0000 	C:\WINDOWS\System32\ucrtbase.dll
0x00007ffda4870000 - 0x00007ffda4885000 	C:\Program Files\Java\jdk-11.0.12\bin\VCRUNTIME140.dll
0x00007ffda4850000 - 0x00007ffda4868000 	C:\Program Files\Java\jdk-11.0.12\bin\jli.dll
0x00007ffda9450000 - 0x00007ffda94fe000 	C:\WINDOWS\System32\ADVAPI32.dll
0x00007ffda8f50000 - 0x00007ffda8fee000 	C:\WINDOWS\System32\msvcrt.dll
0x00007ffda9500000 - 0x00007ffda959c000 	C:\WINDOWS\System32\sechost.dll
0x00007ffda9160000 - 0x00007ffda9285000 	C:\WINDOWS\System32\RPCRT4.dll
0x00007ffda9870000 - 0x00007ffda9a10000 	C:\WINDOWS\System32\USER32.dll
0x00007ffda7fc0000 - 0x00007ffda7fe2000 	C:\WINDOWS\System32\win32u.dll
0x00007ffda9060000 - 0x00007ffda908a000 	C:\WINDOWS\System32\GDI32.dll
0x00007ffda8380000 - 0x00007ffda848b000 	C:\WINDOWS\System32\gdi32full.dll
0x00007ffda80f0000 - 0x00007ffda818d000 	C:\WINDOWS\System32\msvcp_win.dll
0x00007ffd99d30000 - 0x00007ffd99fca000 	C:\WINDOWS\WinSxS\amd64_microsoft.windows.common-controls_6595b64144ccf1df_6.0.19041.1110_none_60b5254171f9507e\COMCTL32.dll
0x00007ffd9b550000 - 0x00007ffd9b55a000 	C:\WINDOWS\SYSTEM32\VERSION.dll
0x00007ffda93b0000 - 0x00007ffda93e0000 	C:\WINDOWS\System32\IMM32.DLL
0x00007ffda47b0000 - 0x00007ffda484b000 	C:\Program Files\Java\jdk-11.0.12\bin\msvcp140.dll
0x00007ffd46640000 - 0x00007ffd4713f000 	C:\Program Files\Java\jdk-11.0.12\bin\server\jvm.dll
0x00007ffdaa2b0000 - 0x00007ffdaa2b8000 	C:\WINDOWS\System32\PSAPI.DLL
0x00007ffda2850000 - 0x00007ffda2859000 	C:\WINDOWS\SYSTEM32\WSOCK32.dll
0x00007ffda93e0000 - 0x00007ffda944b000 	C:\WINDOWS\System32\WS2_32.dll
0x00007ffd9afb0000 - 0x00007ffd9afd7000 	C:\WINDOWS\SYSTEM32\WINMM.dll
0x00007ffda5a50000 - 0x00007ffda5a62000 	C:\WINDOWS\SYSTEM32\kernel.appcore.dll
0x00007ffda47a0000 - 0x00007ffda47b0000 	C:\Program Files\Java\jdk-11.0.12\bin\verify.dll
0x00007ffd94f10000 - 0x00007ffd950f4000 	C:\WINDOWS\SYSTEM32\DBGHELP.DLL
0x00007ffd94ec0000 - 0x00007ffd94eec000 	C:\WINDOWS\SYSTEM32\dbgcore.DLL
0x00007ffda82f0000 - 0x00007ffda8372000 	C:\WINDOWS\System32\bcryptPrimitives.dll
0x00007ffda1200000 - 0x00007ffda1228000 	C:\Program Files\Java\jdk-11.0.12\bin\java.dll
0x00007ffda2780000 - 0x00007ffda278a000 	C:\Program Files\Java\jdk-11.0.12\bin\jimage.dll
0x00007ffd90390000 - 0x00007ffd9039e000 	C:\Program Files\Java\jdk-11.0.12\bin\instrument.dll
0x00007ffd94ea0000 - 0x00007ffd94eb6000 	C:\Program Files\Java\jdk-11.0.12\bin\zip.dll
0x00007ffda9a10000 - 0x00007ffdaa154000 	C:\WINDOWS\System32\SHELL32.dll
0x00007ffda5c50000 - 0x00007ffda63e4000 	C:\WINDOWS\SYSTEM32\windows.storage.dll
0x00007ffda8bf0000 - 0x00007ffda8f44000 	C:\WINDOWS\System32\combase.dll
0x00007ffda75b0000 - 0x00007ffda75dc000 	C:\WINDOWS\SYSTEM32\Wldp.dll
0x00007ffda90b0000 - 0x00007ffda915d000 	C:\WINDOWS\System32\SHCORE.dll
0x00007ffda9350000 - 0x00007ffda93a5000 	C:\WINDOWS\System32\shlwapi.dll
0x00007ffda7a90000 - 0x00007ffda7aaf000 	C:\WINDOWS\SYSTEM32\profapi.dll
0x00007ffd94e80000 - 0x00007ffd94e99000 	C:\Program Files\Java\jdk-11.0.12\bin\net.dll
0x00007ffd9c4c0000 - 0x00007ffd9c5ca000 	C:\WINDOWS\SYSTEM32\WINHTTP.dll
0x00007ffda7310000 - 0x00007ffda737a000 	C:\WINDOWS\system32\mswsock.dll
0x00007ffd94e30000 - 0x00007ffd94e42000 	C:\Program Files\Java\jdk-11.0.12\bin\nio.dll
0x00007ffd88ea0000 - 0x00007ffd88eba000 	C:\Program Files\JetBrains\IntelliJ IDEA 2021.3.2\bin\breakgen64.dll
0x00007ffda7500000 - 0x00007ffda7518000 	C:\WINDOWS\SYSTEM32\CRYPTSP.dll
0x00007ffda6c20000 - 0x00007ffda6c54000 	C:\WINDOWS\system32\rsaenh.dll
0x00007ffda7ba0000 - 0x00007ffda7bc7000 	C:\WINDOWS\System32\bcrypt.dll
0x00007ffda7a50000 - 0x00007ffda7a7e000 	C:\WINDOWS\SYSTEM32\USERENV.dll
0x00007ffda7520000 - 0x00007ffda752c000 	C:\WINDOWS\SYSTEM32\CRYPTBASE.dll
0x00007ffda6fb0000 - 0x00007ffda6feb000 	C:\WINDOWS\SYSTEM32\IPHLPAPI.DLL
0x00007ffda9050000 - 0x00007ffda9058000 	C:\WINDOWS\System32\NSI.dll
0x00007ffd9eba0000 - 0x00007ffd9ebb7000 	C:\WINDOWS\SYSTEM32\dhcpcsvc6.DLL
0x00007ffd9f820000 - 0x00007ffd9f83d000 	C:\WINDOWS\SYSTEM32\dhcpcsvc.DLL
0x00007ffda7000000 - 0x00007ffda70cb000 	C:\WINDOWS\SYSTEM32\DNSAPI.dll
0x00007ffd90660000 - 0x00007ffd9066d000 	C:\Program Files\Java\jdk-11.0.12\bin\sunmscapi.dll
0x00007ffda8190000 - 0x00007ffda82e6000 	C:\WINDOWS\System32\CRYPT32.dll
0x00007ffda7620000 - 0x00007ffda7647000 	C:\WINDOWS\SYSTEM32\ncrypt.dll
0x00007ffda75e0000 - 0x00007ffda761b000 	C:\WINDOWS\SYSTEM32\NTASN1.dll
0x00007ffd7e9b0000 - 0x00007ffd7e9d5000 	C:\Program Files\Java\jdk-11.0.12\bin\sunec.dll
0x0000000052e80000 - 0x0000000052ea6000 	C:\Program Files\Bonjour\mdnsNSP.dll
0x00007ffd9c4a0000 - 0x00007ffd9c4aa000 	C:\Windows\System32\rasadhlp.dll
0x00007ffd9c5d0000 - 0x00007ffd9c650000 	C:\WINDOWS\System32\fwpuclnt.dll
0x00007ffda1270000 - 0x00007ffda1287000 	C:\WINDOWS\system32\napinsp.dll
0x00007ffda11d0000 - 0x00007ffda11eb000 	C:\WINDOWS\system32\pnrpnsp.dll
0x00007ffda2c40000 - 0x00007ffda2c55000 	C:\WINDOWS\system32\wshbth.dll
0x00007ffda45c0000 - 0x00007ffda45dd000 	C:\WINDOWS\system32\NLAapi.dll
0x00007ffda0770000 - 0x00007ffda0782000 	C:\WINDOWS\System32\winrnr.dll

dbghelp: loaded successfully - version: 4.0.5 - missing functions: none
symbol engine: initialized successfully - sym options: 0x614 - pdb path: .;C:\Program Files\Java\jdk-11.0.12\bin;C:\WINDOWS\SYSTEM32;C:\WINDOWS\WinSxS\amd64_microsoft.windows.common-controls_6595b64144ccf1df_6.0.19041.1110_none_60b5254171f9507e;C:\Program Files\Java\jdk-11.0.12\bin\server;C:\Program Files\JetBrains\IntelliJ IDEA 2021.3.2\bin;C:\Program Files\Bonjour

VM Arguments:
jvm_args: -ea -DnodeNamesHandler=org.jetbrains.plugins.cucumber.java.run.CucumberTestTreeNodeManager -Didea.test.cyclic.buffer.size=1048576 -javaagent:C:\Program Files\JetBrains\IntelliJ IDEA 2021.3.2\lib\idea_rt.jar=62127:C:\Program Files\JetBrains\IntelliJ IDEA 2021.3.2\bin -Dfile.encoding=UTF-8 
java_command: com.intellij.rt.junit.JUnitStarter -ideVersion5 -junit4 com.fleetApp.runners.CukesRunner
java_class_path (initial): C:\Program Files\JetBrains\IntelliJ IDEA 2021.3.2\lib\idea_rt.jar;C:\Program Files\JetBrains\IntelliJ IDEA 2021.3.2\plugins\junit\lib\junit5-rt.jar;C:\Program Files\JetBrains\IntelliJ IDEA 2021.3.2\plugins\junit\lib\junit-rt.jar;C:\Users\lenovo\IdeaProjects\fleetApp\target\test-classes;C:\Users\lenovo\.m2\repository\org\seleniumhq\selenium\selenium-java\3.141.59\selenium-java-3.141.59.jar;C:\Users\lenovo\.m2\repository\org\seleniumhq\selenium\selenium-api\3.141.59\selenium-api-3.141.59.jar;C:\Users\lenovo\.m2\repository\org\seleniumhq\selenium\selenium-chrome-driver\3.141.59\selenium-chrome-driver-3.141.59.jar;C:\Users\lenovo\.m2\repository\org\seleniumhq\selenium\selenium-edge-driver\3.141.59\selenium-edge-driver-3.141.59.jar;C:\Users\lenovo\.m2\repository\org\seleniumhq\selenium\selenium-firefox-driver\3.141.59\selenium-firefox-driver-3.141.59.jar;C:\Users\lenovo\.m2\repository\org\seleniumhq\selenium\selenium-ie-driver\3.141.59\selenium-ie-driver-3.141.59.jar;C:\Users\lenovo\.m2\repository\org\seleniumhq\selenium\selenium-opera-driver\3.141.59\selenium-opera-driver-3.141.59.jar;C:\Users\lenovo\.m2\repository\org\seleniumhq\selenium\selenium-remote-driver\3.141.59\selenium-remote-driver-3.141.59.jar;C:\Users\lenovo\.m2\repository\org\seleniumhq\selenium\selenium-safari-driver\3.141.59\selenium-safari-driver-3.141.59.jar;C:\Users\lenovo\.m2\repository\org\seleniumhq\selenium\selenium-support\3.141.59\selenium-support-3.141.59.jar;C:\Users\lenovo\.m2\repository\net\bytebuddy\byte-buddy\1.8.15\byte-buddy-1.8.15.jar;C:\Users\lenovo\.m2\repository\org\apache\commons\commons-exec\1.3\commons-exec-1.3.jar;C:\Users\lenovo\.m2\repository\com\google\guava\guava\25.0-jre\guava-25.0-jre.jar;C:\Users\lenovo\.m2\repository\com\google\code\findbugs\jsr305\1.3.9\jsr305-1.3.9.jar;C:\Users\lenovo\.m2\repository\org\checkerframework\checker-compat-qual\2.0.0\checker-compat-qual-2.0.0.jar;C:\Users\lenovo\.m2\repository\com\google\errorprone\error_prone_an
Launcher Type: SUN_STANDARD

[Global flags]
     intx CICompilerCount                          = 3                                         {product} {ergonomic}
     uint ConcGCThreads                            = 1                                         {product} {ergonomic}
     uint G1ConcRefinementThreads                  = 4                                         {product} {ergonomic}
   size_t G1HeapRegionSize                         = 1048576                                   {product} {ergonomic}
    uintx GCDrainStackTargetSize                   = 64                                        {product} {ergonomic}
   size_t InitialHeapSize                          = 130023424                                 {product} {ergonomic}
   size_t MarkStackSize                            = 4194304                                   {product} {ergonomic}
   size_t MaxHeapSize                              = 2069889024                                {product} {ergonomic}
   size_t MaxNewSize                               = 1241513984                                {product} {ergonomic}
   size_t MinHeapDeltaBytes                        = 1048576                                   {product} {ergonomic}
    uintx NonNMethodCodeHeapSize                   = 5830732                                {pd product} {ergonomic}
    uintx NonProfiledCodeHeapSize                  = 122913754                              {pd product} {ergonomic}
    uintx ProfiledCodeHeapSize                     = 122913754                              {pd product} {ergonomic}
    uintx ReservedCodeCacheSize                    = 251658240                              {pd product} {ergonomic}
     bool SegmentedCodeCache                       = true                                      {product} {ergonomic}
     bool UseCompressedClassPointers               = true                                 {lp64_product} {ergonomic}
     bool UseCompressedOops                        = true                                 {lp64_product} {ergonomic}
     bool UseG1GC                                  = true                                      {product} {ergonomic}
     bool UseLargePagesIndividualAllocation        = false                                  {pd product} {ergonomic}

Logging:
Log output configuration:
 #0: stdout all=warning uptime,level,tags
 #1: stderr all=off uptime,level,tags

Environment Variables:
JAVA_HOME=C:\Program Files\Java\jdk-11.0.12
PATH=C:\Program Files\Common Files\Oracle\Java\javapath;C:\WINDOWS\system32;C:\WINDOWS;C:\WINDOWS\System32\Wbem;C:\WINDOWS\System32\WindowsPowerShell\v1.0\;C:\MATRIKS;C:\MATRIKS\System32\;C:\WINDOWS\System32\OpenSSH\;C:\Program Files (x86)\Git\cmd;C:\apache-maven-3.8.6-bin\apache-maven-3.8.6\bin;C:\Program Files\Java\jdk-11.0.12\bin;C:\Users\lenovo\AppData\Local\bin;C:\Users\lenovo\AppData\Local\Microsoft\WindowsApps;C:\Users\lenovo\AppData\Local\atom\bin
USERNAME=lenovo
OS=Windows_NT
PROCESSOR_IDENTIFIER=Intel64 Family 6 Model 58 Stepping 9, GenuineIntel



---------------  S Y S T E M  ---------------

OS: Windows 10 , 64 bit Build 19041 (10.0.19041.1741)

CPU:total 4 (initial active 4) (2 cores per cpu, 2 threads per core) family 6 model 58 stepping 9 microcode 0x21, cmov, cx8, fxsr, mmx, sse, sse2, sse3, ssse3, sse4.1, sse4.2, popcnt, avx, aes, clmul, erms, ht, tsc, tscinvbit, tscinv

Memory: 4k page, system-wide physical 7889M (537M free)
TotalPageFile size 12722M (AvailPageFile size 2M)
current process WorkingSet (physical memory assigned to process): 148M, peak: 164M
current process commit charge ("private bytes"): 237M, peak: 254M

vm_info: Java HotSpot(TM) 64-Bit Server VM (11.0.12+8-LTS-237) for windows-amd64 JRE (11.0.12+8-LTS-237), built on Jun  8 2021 11:25:59 by "mach5one" with MS VC++ 15.9 (VS2017)

END.
